ARM GAS  /var/folders/pt/gxfsd_x53tx3h6kb8dkzftl80000gr/T//ccsilXVu.s 			page 1


   1              		.syntax unified
   2              		.cpu cortex-m3
   3              		.fpu softvfp
   4              		.eabi_attribute 20, 1
   5              		.eabi_attribute 21, 1
   6              		.eabi_attribute 23, 3
   7              		.eabi_attribute 24, 1
   8              		.eabi_attribute 25, 1
   9              		.eabi_attribute 26, 1
  10              		.eabi_attribute 30, 2
  11              		.eabi_attribute 34, 1
  12              		.eabi_attribute 18, 4
  13              		.thumb
  14              		.file	"chvt.c"
  15              		.text
  16              	.Ltext0:
  17              		.cfi_sections	.debug_frame
  18              		.section	.text._vt_init,"ax",%progbits
  19              		.align	2
  20              		.p2align 4,,15
  21              		.global	_vt_init
  22              		.thumb
  23              		.thumb_func
  24              		.type	_vt_init, %function
  25              	_vt_init:
  26              	.LFB7:
  27              		.file 1 "convex/ChibiOS_2.6.2/os/kernel/src/chvt.c"
  28              		.loc 1 50 0
  29              		.cfi_startproc
  30              		@ args = 0, pretend = 0, frame = 0
  31              		@ frame_needed = 0, uses_anonymous_args = 0
  32              		@ link register save eliminated.
  33              		.loc 1 52 0
  34 0000 40F20003 		movw	r3, #:lower16:.LANCHOR0
  35 0004 C0F20003 		movt	r3, #:upper16:.LANCHOR0
  36              		.loc 1 53 0
  37 0008 4FF0FF32 		mov	r2, #-1
  38 000c 9A60     		str	r2, [r3, #8]
  39              		.loc 1 54 0
  40 000e 0022     		movs	r2, #0
  41              		.loc 1 52 0
  42 0010 5B60     		str	r3, [r3, #4]
  43 0012 1B60     		str	r3, [r3, #0]
  44              		.loc 1 54 0
  45 0014 DA60     		str	r2, [r3, #12]
  46 0016 7047     		bx	lr
  47              		.cfi_endproc
  48              	.LFE7:
  49              		.size	_vt_init, .-_vt_init
  50 0018 AFF30080 		.section	.text.chVTSetI,"ax",%progbits
  50      AFF30080 
  51              		.align	2
  52              		.p2align 4,,15
  53              		.global	chVTSetI
  54              		.thumb
  55              		.thumb_func
  56              		.type	chVTSetI, %function
ARM GAS  /var/folders/pt/gxfsd_x53tx3h6kb8dkzftl80000gr/T//ccsilXVu.s 			page 2


  57              	chVTSetI:
  58              	.LFB8:
  59              		.loc 1 76 0
  60              		.cfi_startproc
  61              		@ args = 0, pretend = 0, frame = 0
  62              		@ frame_needed = 0, uses_anonymous_args = 0
  63              		@ link register save eliminated.
  64              	.LVL0:
  65 0000 70B4     		push	{r4, r5, r6}
  66              	.LCFI0:
  67              		.cfi_def_cfa_offset 12
  68              		.cfi_offset 4, -12
  69              		.cfi_offset 5, -8
  70              		.cfi_offset 6, -4
  71              		.loc 1 85 0
  72 0002 0D4E     		ldr	r6, .L9
  73              		.loc 1 83 0
  74 0004 0361     		str	r3, [r0, #16]
  75              		.loc 1 85 0
  76 0006 3468     		ldr	r4, [r6, #0]
  77              	.LVL1:
  78              		.loc 1 84 0
  79 0008 C260     		str	r2, [r0, #12]
  80              		.loc 1 86 0
  81 000a A568     		ldr	r5, [r4, #8]
  82 000c A942     		cmp	r1, r5
  83 000e 04D9     		bls	.L3
  84              	.L6:
  85              		.loc 1 88 0
  86 0010 2468     		ldr	r4, [r4, #0]
  87              	.LVL2:
  88              		.loc 1 87 0
  89 0012 491B     		subs	r1, r1, r5
  90              	.LVL3:
  91              		.loc 1 86 0
  92 0014 A568     		ldr	r5, [r4, #8]
  93 0016 8D42     		cmp	r5, r1
  94 0018 FAD3     		bcc	.L6
  95              	.L3:
  96              		.loc 1 91 0
  97 001a 6368     		ldr	r3, [r4, #4]
  98              	.LVL4:
  99              		.loc 1 93 0
 100 001c 8160     		str	r1, [r0, #8]
 101              		.loc 1 94 0
 102 001e B442     		cmp	r4, r6
 103              		.loc 1 91 0
 104 0020 4360     		str	r3, [r0, #4]
 105 0022 0460     		str	r4, [r0, #0]
 106              		.loc 1 92 0
 107 0024 1860     		str	r0, [r3, #0]
 108              		.loc 1 95 0
 109 0026 18BF     		it	ne
 110 0028 A368     		ldrne	r3, [r4, #8]
 111              		.loc 1 92 0
 112 002a 6060     		str	r0, [r4, #4]
 113              		.loc 1 95 0
ARM GAS  /var/folders/pt/gxfsd_x53tx3h6kb8dkzftl80000gr/T//ccsilXVu.s 			page 3


 114 002c 1CBF     		itt	ne
 115 002e C1EB0301 		rsbne	r1, r1, r3
 116              	.LVL5:
 117 0032 A160     		strne	r1, [r4, #8]
 118              		.loc 1 96 0
 119 0034 70BC     		pop	{r4, r5, r6}
 120 0036 7047     		bx	lr
 121              	.L10:
 122              		.align	2
 123              	.L9:
 124 0038 00000000 		.word	.LANCHOR0
 125              		.cfi_endproc
 126              	.LFE8:
 127              		.size	chVTSetI, .-chVTSetI
 128 003c AFF30080 		.section	.text.chVTResetI,"ax",%progbits
 129              		.align	2
 130              		.p2align 4,,15
 131              		.global	chVTResetI
 132              		.thumb
 133              		.thumb_func
 134              		.type	chVTResetI, %function
 135              	chVTResetI:
 136              	.LFB9:
 137              		.loc 1 106 0
 138              		.cfi_startproc
 139              		@ args = 0, pretend = 0, frame = 0
 140              		@ frame_needed = 0, uses_anonymous_args = 0
 141              		@ link register save eliminated.
 142              	.LVL6:
 143              		.loc 1 114 0
 144 0000 0368     		ldr	r3, [r0, #0]
 145 0002 074A     		ldr	r2, .L13
 146 0004 9342     		cmp	r3, r2
 147              		.loc 1 115 0
 148 0006 1FBF     		itttt	ne
 149 0008 9968     		ldrne	r1, [r3, #8]
 150 000a 8268     		ldrne	r2, [r0, #8]
 151 000c 8A18     		addne	r2, r1, r2
 152 000e 9A60     		strne	r2, [r3, #8]
 153              		.loc 1 116 0
 154 0010 4268     		ldr	r2, [r0, #4]
 155              		.loc 1 118 0
 156 0012 0021     		movs	r1, #0
 157              		.loc 1 116 0
 158 0014 1360     		str	r3, [r2, #0]
 159              		.loc 1 117 0
 160 0016 0368     		ldr	r3, [r0, #0]
 161              		.loc 1 118 0
 162 0018 C160     		str	r1, [r0, #12]
 163              		.loc 1 117 0
 164 001a 5A60     		str	r2, [r3, #4]
 165 001c 7047     		bx	lr
 166              	.L14:
 167 001e 00BF     		.align	2
 168              	.L13:
 169 0020 00000000 		.word	.LANCHOR0
 170              		.cfi_endproc
ARM GAS  /var/folders/pt/gxfsd_x53tx3h6kb8dkzftl80000gr/T//ccsilXVu.s 			page 4


 171              	.LFE9:
 172              		.size	chVTResetI, .-chVTResetI
 173              		.global	vtlist
 174 0024 AFF30080 		.section	.bss.vtlist,"aw",%nobits
 174      AFF30080 
 174      AFF30080 
 175              		.align	2
 176              		.set	.LANCHOR0,. + 0
 177              		.type	vtlist, %object
 178              		.size	vtlist, 16
 179              	vtlist:
 180 0000 00000000 		.space	16
 180      00000000 
 180      00000000 
 180      00000000 
 181              		.text
 182              	.Letext0:
 183              		.file 2 "/Users/programmer/ConVEX/yagarto-4.7.2/bin/../lib/gcc/arm-none-eabi/4.7.2/../../../../arm
 184              		.file 3 "convex/ChibiOS_2.6.2/os/ports/GCC/ARMCMx/chtypes.h"
 185              		.file 4 "convex/ChibiOS_2.6.2/os/kernel/include/chvt.h"
 186              		.section	.debug_info,"",%progbits
 187              	.Ldebug_info0:
 188 0000 19020000 		.4byte	0x219
 189 0004 0200     		.2byte	0x2
 190 0006 00000000 		.4byte	.Ldebug_abbrev0
 191 000a 04       		.byte	0x4
 192 000b 01       		.uleb128 0x1
 193 000c 23010000 		.4byte	.LASF27
 194 0010 01       		.byte	0x1
 195 0011 B6000000 		.4byte	.LASF28
 196 0015 72000000 		.4byte	.LASF29
 197 0019 00000000 		.4byte	.Ldebug_ranges0+0
 198 001d 00000000 		.4byte	0
 199 0021 00000000 		.4byte	0
 200 0025 00000000 		.4byte	.Ldebug_line0
 201 0029 02       		.uleb128 0x2
 202 002a 04       		.byte	0x4
 203 002b 05       		.byte	0x5
 204 002c 696E7400 		.ascii	"int\000"
 205 0030 03       		.uleb128 0x3
 206 0031 04       		.byte	0x4
 207 0032 07       		.byte	0x7
 208 0033 65000000 		.4byte	.LASF0
 209 0037 03       		.uleb128 0x3
 210 0038 01       		.byte	0x1
 211 0039 06       		.byte	0x6
 212 003a 5A010000 		.4byte	.LASF1
 213 003e 03       		.uleb128 0x3
 214 003f 01       		.byte	0x1
 215 0040 08       		.byte	0x8
 216 0041 4E000000 		.4byte	.LASF2
 217 0045 03       		.uleb128 0x3
 218 0046 02       		.byte	0x2
 219 0047 05       		.byte	0x5
 220 0048 36010000 		.4byte	.LASF3
 221 004c 03       		.uleb128 0x3
 222 004d 02       		.byte	0x2
ARM GAS  /var/folders/pt/gxfsd_x53tx3h6kb8dkzftl80000gr/T//ccsilXVu.s 			page 5


 223 004e 07       		.byte	0x7
 224 004f 2E000000 		.4byte	.LASF4
 225 0053 03       		.uleb128 0x3
 226 0054 04       		.byte	0x4
 227 0055 05       		.byte	0x5
 228 0056 51010000 		.4byte	.LASF5
 229 005a 04       		.uleb128 0x4
 230 005b 48010000 		.4byte	.LASF10
 231 005f 02       		.byte	0x2
 232 0060 50       		.byte	0x50
 233 0061 65000000 		.4byte	0x65
 234 0065 03       		.uleb128 0x3
 235 0066 04       		.byte	0x4
 236 0067 07       		.byte	0x7
 237 0068 1C000000 		.4byte	.LASF6
 238 006c 03       		.uleb128 0x3
 239 006d 08       		.byte	0x8
 240 006e 05       		.byte	0x5
 241 006f 01010000 		.4byte	.LASF7
 242 0073 03       		.uleb128 0x3
 243 0074 08       		.byte	0x8
 244 0075 07       		.byte	0x7
 245 0076 98000000 		.4byte	.LASF8
 246 007a 03       		.uleb128 0x3
 247 007b 01       		.byte	0x1
 248 007c 02       		.byte	0x2
 249 007d 80010000 		.4byte	.LASF9
 250 0081 04       		.uleb128 0x4
 251 0082 09000000 		.4byte	.LASF11
 252 0086 03       		.byte	0x3
 253 0087 35       		.byte	0x35
 254 0088 5A000000 		.4byte	0x5a
 255 008c 05       		.uleb128 0x5
 256 008d 04       		.byte	0x4
 257 008e 03       		.uleb128 0x3
 258 008f 04       		.byte	0x4
 259 0090 07       		.byte	0x7
 260 0091 ED000000 		.4byte	.LASF12
 261 0095 04       		.uleb128 0x4
 262 0096 13000000 		.4byte	.LASF13
 263 009a 04       		.byte	0x4
 264 009b 58       		.byte	0x58
 265 009c A0000000 		.4byte	0xa0
 266 00a0 06       		.uleb128 0x6
 267 00a1 04       		.byte	0x4
 268 00a2 A6000000 		.4byte	0xa6
 269 00a6 07       		.uleb128 0x7
 270 00a7 01       		.byte	0x1
 271 00a8 B2000000 		.4byte	0xb2
 272 00ac 08       		.uleb128 0x8
 273 00ad 8C000000 		.4byte	0x8c
 274 00b1 00       		.byte	0
 275 00b2 04       		.uleb128 0x4
 276 00b3 41000000 		.4byte	.LASF14
 277 00b7 04       		.byte	0x4
 278 00b8 5D       		.byte	0x5d
 279 00b9 BD000000 		.4byte	0xbd
ARM GAS  /var/folders/pt/gxfsd_x53tx3h6kb8dkzftl80000gr/T//ccsilXVu.s 			page 6


 280 00bd 09       		.uleb128 0x9
 281 00be 41000000 		.4byte	.LASF14
 282 00c2 14       		.byte	0x14
 283 00c3 04       		.byte	0x4
 284 00c4 64       		.byte	0x64
 285 00c5 10010000 		.4byte	0x110
 286 00c9 0A       		.uleb128 0xa
 287 00ca 6D010000 		.4byte	.LASF15
 288 00ce 04       		.byte	0x4
 289 00cf 65       		.byte	0x65
 290 00d0 10010000 		.4byte	0x110
 291 00d4 02       		.byte	0x2
 292 00d5 23       		.byte	0x23
 293 00d6 00       		.uleb128 0
 294 00d7 0A       		.uleb128 0xa
 295 00d8 40010000 		.4byte	.LASF16
 296 00dc 04       		.byte	0x4
 297 00dd 67       		.byte	0x67
 298 00de 10010000 		.4byte	0x110
 299 00e2 02       		.byte	0x2
 300 00e3 23       		.byte	0x23
 301 00e4 04       		.uleb128 0x4
 302 00e5 0A       		.uleb128 0xa
 303 00e6 E5000000 		.4byte	.LASF17
 304 00ea 04       		.byte	0x4
 305 00eb 69       		.byte	0x69
 306 00ec 81000000 		.4byte	0x81
 307 00f0 02       		.byte	0x2
 308 00f1 23       		.byte	0x23
 309 00f2 08       		.uleb128 0x8
 310 00f3 0A       		.uleb128 0xa
 311 00f4 0F010000 		.4byte	.LASF18
 312 00f8 04       		.byte	0x4
 313 00f9 6A       		.byte	0x6a
 314 00fa 95000000 		.4byte	0x95
 315 00fe 02       		.byte	0x2
 316 00ff 23       		.byte	0x23
 317 0100 0C       		.uleb128 0xc
 318 0101 0A       		.uleb128 0xa
 319 0102 2F010000 		.4byte	.LASF19
 320 0106 04       		.byte	0x4
 321 0107 6C       		.byte	0x6c
 322 0108 8C000000 		.4byte	0x8c
 323 010c 02       		.byte	0x2
 324 010d 23       		.byte	0x23
 325 010e 10       		.uleb128 0x10
 326 010f 00       		.byte	0
 327 0110 06       		.uleb128 0x6
 328 0111 04       		.byte	0x4
 329 0112 B2000000 		.4byte	0xb2
 330 0116 0B       		.uleb128 0xb
 331 0117 10       		.byte	0x10
 332 0118 04       		.byte	0x4
 333 0119 76       		.byte	0x76
 334 011a 57010000 		.4byte	0x157
 335 011e 0A       		.uleb128 0xa
 336 011f 6D010000 		.4byte	.LASF15
ARM GAS  /var/folders/pt/gxfsd_x53tx3h6kb8dkzftl80000gr/T//ccsilXVu.s 			page 7


 337 0123 04       		.byte	0x4
 338 0124 77       		.byte	0x77
 339 0125 10010000 		.4byte	0x110
 340 0129 02       		.byte	0x2
 341 012a 23       		.byte	0x23
 342 012b 00       		.uleb128 0
 343 012c 0A       		.uleb128 0xa
 344 012d 40010000 		.4byte	.LASF16
 345 0131 04       		.byte	0x4
 346 0132 79       		.byte	0x79
 347 0133 10010000 		.4byte	0x110
 348 0137 02       		.byte	0x2
 349 0138 23       		.byte	0x23
 350 0139 04       		.uleb128 0x4
 351 013a 0A       		.uleb128 0xa
 352 013b E5000000 		.4byte	.LASF17
 353 013f 04       		.byte	0x4
 354 0140 7B       		.byte	0x7b
 355 0141 81000000 		.4byte	0x81
 356 0145 02       		.byte	0x2
 357 0146 23       		.byte	0x23
 358 0147 08       		.uleb128 0x8
 359 0148 0A       		.uleb128 0xa
 360 0149 F6000000 		.4byte	.LASF20
 361 014d 04       		.byte	0x4
 362 014e 7C       		.byte	0x7c
 363 014f 57010000 		.4byte	0x157
 364 0153 02       		.byte	0x2
 365 0154 23       		.byte	0x23
 366 0155 0C       		.uleb128 0xc
 367 0156 00       		.byte	0
 368 0157 0C       		.uleb128 0xc
 369 0158 81000000 		.4byte	0x81
 370 015c 04       		.uleb128 0x4
 371 015d 66010000 		.4byte	.LASF21
 372 0161 04       		.byte	0x4
 373 0162 7D       		.byte	0x7d
 374 0163 16010000 		.4byte	0x116
 375 0167 03       		.uleb128 0x3
 376 0168 01       		.byte	0x1
 377 0169 08       		.byte	0x8
 378 016a 1E010000 		.4byte	.LASF22
 379 016e 0D       		.uleb128 0xd
 380 016f 01       		.byte	0x1
 381 0170 5C000000 		.4byte	.LASF30
 382 0174 01       		.byte	0x1
 383 0175 32       		.byte	0x32
 384 0176 01       		.byte	0x1
 385 0177 00000000 		.4byte	.LFB7
 386 017b 18000000 		.4byte	.LFE7
 387 017f 02       		.byte	0x2
 388 0180 7D       		.byte	0x7d
 389 0181 00       		.sleb128 0
 390 0182 01       		.byte	0x1
 391 0183 0E       		.uleb128 0xe
 392 0184 01       		.byte	0x1
 393 0185 00000000 		.4byte	.LASF25
ARM GAS  /var/folders/pt/gxfsd_x53tx3h6kb8dkzftl80000gr/T//ccsilXVu.s 			page 8


 394 0189 01       		.byte	0x1
 395 018a 4C       		.byte	0x4c
 396 018b 01       		.byte	0x1
 397 018c 00000000 		.4byte	.LFB8
 398 0190 3C000000 		.4byte	.LFE8
 399 0194 00000000 		.4byte	.LLST0
 400 0198 01       		.byte	0x1
 401 0199 E3010000 		.4byte	0x1e3
 402 019d 0F       		.uleb128 0xf
 403 019e 76747000 		.ascii	"vtp\000"
 404 01a2 01       		.byte	0x1
 405 01a3 4C       		.byte	0x4c
 406 01a4 10010000 		.4byte	0x110
 407 01a8 01       		.byte	0x1
 408 01a9 50       		.byte	0x50
 409 01aa 10       		.uleb128 0x10
 410 01ab E0000000 		.4byte	.LASF23
 411 01af 01       		.byte	0x1
 412 01b0 4C       		.byte	0x4c
 413 01b1 81000000 		.4byte	0x81
 414 01b5 20000000 		.4byte	.LLST1
 415 01b9 11       		.uleb128 0x11
 416 01ba 17010000 		.4byte	.LASF24
 417 01be 01       		.byte	0x1
 418 01bf 4C       		.byte	0x4c
 419 01c0 95000000 		.4byte	0x95
 420 01c4 01       		.byte	0x1
 421 01c5 52       		.byte	0x52
 422 01c6 12       		.uleb128 0x12
 423 01c7 70617200 		.ascii	"par\000"
 424 01cb 01       		.byte	0x1
 425 01cc 4C       		.byte	0x4c
 426 01cd 8C000000 		.4byte	0x8c
 427 01d1 4D000000 		.4byte	.LLST2
 428 01d5 13       		.uleb128 0x13
 429 01d6 7000     		.ascii	"p\000"
 430 01d8 01       		.byte	0x1
 431 01d9 4D       		.byte	0x4d
 432 01da 10010000 		.4byte	0x110
 433 01de 6C000000 		.4byte	.LLST3
 434 01e2 00       		.byte	0
 435 01e3 14       		.uleb128 0x14
 436 01e4 01       		.byte	0x1
 437 01e5 75010000 		.4byte	.LASF26
 438 01e9 01       		.byte	0x1
 439 01ea 6A       		.byte	0x6a
 440 01eb 01       		.byte	0x1
 441 01ec 00000000 		.4byte	.LFB9
 442 01f0 24000000 		.4byte	.LFE9
 443 01f4 02       		.byte	0x2
 444 01f5 7D       		.byte	0x7d
 445 01f6 00       		.sleb128 0
 446 01f7 01       		.byte	0x1
 447 01f8 0A020000 		.4byte	0x20a
 448 01fc 0F       		.uleb128 0xf
 449 01fd 76747000 		.ascii	"vtp\000"
 450 0201 01       		.byte	0x1
ARM GAS  /var/folders/pt/gxfsd_x53tx3h6kb8dkzftl80000gr/T//ccsilXVu.s 			page 9


 451 0202 6A       		.byte	0x6a
 452 0203 10010000 		.4byte	0x110
 453 0207 01       		.byte	0x1
 454 0208 50       		.byte	0x50
 455 0209 00       		.byte	0
 456 020a 15       		.uleb128 0x15
 457 020b AF000000 		.4byte	.LASF31
 458 020f 01       		.byte	0x1
 459 0210 2A       		.byte	0x2a
 460 0211 5C010000 		.4byte	0x15c
 461 0215 01       		.byte	0x1
 462 0216 05       		.byte	0x5
 463 0217 03       		.byte	0x3
 464 0218 00000000 		.4byte	vtlist
 465 021c 00       		.byte	0
 466              		.section	.debug_abbrev,"",%progbits
 467              	.Ldebug_abbrev0:
 468 0000 01       		.uleb128 0x1
 469 0001 11       		.uleb128 0x11
 470 0002 01       		.byte	0x1
 471 0003 25       		.uleb128 0x25
 472 0004 0E       		.uleb128 0xe
 473 0005 13       		.uleb128 0x13
 474 0006 0B       		.uleb128 0xb
 475 0007 03       		.uleb128 0x3
 476 0008 0E       		.uleb128 0xe
 477 0009 1B       		.uleb128 0x1b
 478 000a 0E       		.uleb128 0xe
 479 000b 55       		.uleb128 0x55
 480 000c 06       		.uleb128 0x6
 481 000d 11       		.uleb128 0x11
 482 000e 01       		.uleb128 0x1
 483 000f 52       		.uleb128 0x52
 484 0010 01       		.uleb128 0x1
 485 0011 10       		.uleb128 0x10
 486 0012 06       		.uleb128 0x6
 487 0013 00       		.byte	0
 488 0014 00       		.byte	0
 489 0015 02       		.uleb128 0x2
 490 0016 24       		.uleb128 0x24
 491 0017 00       		.byte	0
 492 0018 0B       		.uleb128 0xb
 493 0019 0B       		.uleb128 0xb
 494 001a 3E       		.uleb128 0x3e
 495 001b 0B       		.uleb128 0xb
 496 001c 03       		.uleb128 0x3
 497 001d 08       		.uleb128 0x8
 498 001e 00       		.byte	0
 499 001f 00       		.byte	0
 500 0020 03       		.uleb128 0x3
 501 0021 24       		.uleb128 0x24
 502 0022 00       		.byte	0
 503 0023 0B       		.uleb128 0xb
 504 0024 0B       		.uleb128 0xb
 505 0025 3E       		.uleb128 0x3e
 506 0026 0B       		.uleb128 0xb
 507 0027 03       		.uleb128 0x3
ARM GAS  /var/folders/pt/gxfsd_x53tx3h6kb8dkzftl80000gr/T//ccsilXVu.s 			page 10


 508 0028 0E       		.uleb128 0xe
 509 0029 00       		.byte	0
 510 002a 00       		.byte	0
 511 002b 04       		.uleb128 0x4
 512 002c 16       		.uleb128 0x16
 513 002d 00       		.byte	0
 514 002e 03       		.uleb128 0x3
 515 002f 0E       		.uleb128 0xe
 516 0030 3A       		.uleb128 0x3a
 517 0031 0B       		.uleb128 0xb
 518 0032 3B       		.uleb128 0x3b
 519 0033 0B       		.uleb128 0xb
 520 0034 49       		.uleb128 0x49
 521 0035 13       		.uleb128 0x13
 522 0036 00       		.byte	0
 523 0037 00       		.byte	0
 524 0038 05       		.uleb128 0x5
 525 0039 0F       		.uleb128 0xf
 526 003a 00       		.byte	0
 527 003b 0B       		.uleb128 0xb
 528 003c 0B       		.uleb128 0xb
 529 003d 00       		.byte	0
 530 003e 00       		.byte	0
 531 003f 06       		.uleb128 0x6
 532 0040 0F       		.uleb128 0xf
 533 0041 00       		.byte	0
 534 0042 0B       		.uleb128 0xb
 535 0043 0B       		.uleb128 0xb
 536 0044 49       		.uleb128 0x49
 537 0045 13       		.uleb128 0x13
 538 0046 00       		.byte	0
 539 0047 00       		.byte	0
 540 0048 07       		.uleb128 0x7
 541 0049 15       		.uleb128 0x15
 542 004a 01       		.byte	0x1
 543 004b 27       		.uleb128 0x27
 544 004c 0C       		.uleb128 0xc
 545 004d 01       		.uleb128 0x1
 546 004e 13       		.uleb128 0x13
 547 004f 00       		.byte	0
 548 0050 00       		.byte	0
 549 0051 08       		.uleb128 0x8
 550 0052 05       		.uleb128 0x5
 551 0053 00       		.byte	0
 552 0054 49       		.uleb128 0x49
 553 0055 13       		.uleb128 0x13
 554 0056 00       		.byte	0
 555 0057 00       		.byte	0
 556 0058 09       		.uleb128 0x9
 557 0059 13       		.uleb128 0x13
 558 005a 01       		.byte	0x1
 559 005b 03       		.uleb128 0x3
 560 005c 0E       		.uleb128 0xe
 561 005d 0B       		.uleb128 0xb
 562 005e 0B       		.uleb128 0xb
 563 005f 3A       		.uleb128 0x3a
 564 0060 0B       		.uleb128 0xb
ARM GAS  /var/folders/pt/gxfsd_x53tx3h6kb8dkzftl80000gr/T//ccsilXVu.s 			page 11


 565 0061 3B       		.uleb128 0x3b
 566 0062 0B       		.uleb128 0xb
 567 0063 01       		.uleb128 0x1
 568 0064 13       		.uleb128 0x13
 569 0065 00       		.byte	0
 570 0066 00       		.byte	0
 571 0067 0A       		.uleb128 0xa
 572 0068 0D       		.uleb128 0xd
 573 0069 00       		.byte	0
 574 006a 03       		.uleb128 0x3
 575 006b 0E       		.uleb128 0xe
 576 006c 3A       		.uleb128 0x3a
 577 006d 0B       		.uleb128 0xb
 578 006e 3B       		.uleb128 0x3b
 579 006f 0B       		.uleb128 0xb
 580 0070 49       		.uleb128 0x49
 581 0071 13       		.uleb128 0x13
 582 0072 38       		.uleb128 0x38
 583 0073 0A       		.uleb128 0xa
 584 0074 00       		.byte	0
 585 0075 00       		.byte	0
 586 0076 0B       		.uleb128 0xb
 587 0077 13       		.uleb128 0x13
 588 0078 01       		.byte	0x1
 589 0079 0B       		.uleb128 0xb
 590 007a 0B       		.uleb128 0xb
 591 007b 3A       		.uleb128 0x3a
 592 007c 0B       		.uleb128 0xb
 593 007d 3B       		.uleb128 0x3b
 594 007e 0B       		.uleb128 0xb
 595 007f 01       		.uleb128 0x1
 596 0080 13       		.uleb128 0x13
 597 0081 00       		.byte	0
 598 0082 00       		.byte	0
 599 0083 0C       		.uleb128 0xc
 600 0084 35       		.uleb128 0x35
 601 0085 00       		.byte	0
 602 0086 49       		.uleb128 0x49
 603 0087 13       		.uleb128 0x13
 604 0088 00       		.byte	0
 605 0089 00       		.byte	0
 606 008a 0D       		.uleb128 0xd
 607 008b 2E       		.uleb128 0x2e
 608 008c 00       		.byte	0
 609 008d 3F       		.uleb128 0x3f
 610 008e 0C       		.uleb128 0xc
 611 008f 03       		.uleb128 0x3
 612 0090 0E       		.uleb128 0xe
 613 0091 3A       		.uleb128 0x3a
 614 0092 0B       		.uleb128 0xb
 615 0093 3B       		.uleb128 0x3b
 616 0094 0B       		.uleb128 0xb
 617 0095 27       		.uleb128 0x27
 618 0096 0C       		.uleb128 0xc
 619 0097 11       		.uleb128 0x11
 620 0098 01       		.uleb128 0x1
 621 0099 12       		.uleb128 0x12
ARM GAS  /var/folders/pt/gxfsd_x53tx3h6kb8dkzftl80000gr/T//ccsilXVu.s 			page 12


 622 009a 01       		.uleb128 0x1
 623 009b 40       		.uleb128 0x40
 624 009c 0A       		.uleb128 0xa
 625 009d 9742     		.uleb128 0x2117
 626 009f 0C       		.uleb128 0xc
 627 00a0 00       		.byte	0
 628 00a1 00       		.byte	0
 629 00a2 0E       		.uleb128 0xe
 630 00a3 2E       		.uleb128 0x2e
 631 00a4 01       		.byte	0x1
 632 00a5 3F       		.uleb128 0x3f
 633 00a6 0C       		.uleb128 0xc
 634 00a7 03       		.uleb128 0x3
 635 00a8 0E       		.uleb128 0xe
 636 00a9 3A       		.uleb128 0x3a
 637 00aa 0B       		.uleb128 0xb
 638 00ab 3B       		.uleb128 0x3b
 639 00ac 0B       		.uleb128 0xb
 640 00ad 27       		.uleb128 0x27
 641 00ae 0C       		.uleb128 0xc
 642 00af 11       		.uleb128 0x11
 643 00b0 01       		.uleb128 0x1
 644 00b1 12       		.uleb128 0x12
 645 00b2 01       		.uleb128 0x1
 646 00b3 40       		.uleb128 0x40
 647 00b4 06       		.uleb128 0x6
 648 00b5 9742     		.uleb128 0x2117
 649 00b7 0C       		.uleb128 0xc
 650 00b8 01       		.uleb128 0x1
 651 00b9 13       		.uleb128 0x13
 652 00ba 00       		.byte	0
 653 00bb 00       		.byte	0
 654 00bc 0F       		.uleb128 0xf
 655 00bd 05       		.uleb128 0x5
 656 00be 00       		.byte	0
 657 00bf 03       		.uleb128 0x3
 658 00c0 08       		.uleb128 0x8
 659 00c1 3A       		.uleb128 0x3a
 660 00c2 0B       		.uleb128 0xb
 661 00c3 3B       		.uleb128 0x3b
 662 00c4 0B       		.uleb128 0xb
 663 00c5 49       		.uleb128 0x49
 664 00c6 13       		.uleb128 0x13
 665 00c7 02       		.uleb128 0x2
 666 00c8 0A       		.uleb128 0xa
 667 00c9 00       		.byte	0
 668 00ca 00       		.byte	0
 669 00cb 10       		.uleb128 0x10
 670 00cc 05       		.uleb128 0x5
 671 00cd 00       		.byte	0
 672 00ce 03       		.uleb128 0x3
 673 00cf 0E       		.uleb128 0xe
 674 00d0 3A       		.uleb128 0x3a
 675 00d1 0B       		.uleb128 0xb
 676 00d2 3B       		.uleb128 0x3b
 677 00d3 0B       		.uleb128 0xb
 678 00d4 49       		.uleb128 0x49
ARM GAS  /var/folders/pt/gxfsd_x53tx3h6kb8dkzftl80000gr/T//ccsilXVu.s 			page 13


 679 00d5 13       		.uleb128 0x13
 680 00d6 02       		.uleb128 0x2
 681 00d7 06       		.uleb128 0x6
 682 00d8 00       		.byte	0
 683 00d9 00       		.byte	0
 684 00da 11       		.uleb128 0x11
 685 00db 05       		.uleb128 0x5
 686 00dc 00       		.byte	0
 687 00dd 03       		.uleb128 0x3
 688 00de 0E       		.uleb128 0xe
 689 00df 3A       		.uleb128 0x3a
 690 00e0 0B       		.uleb128 0xb
 691 00e1 3B       		.uleb128 0x3b
 692 00e2 0B       		.uleb128 0xb
 693 00e3 49       		.uleb128 0x49
 694 00e4 13       		.uleb128 0x13
 695 00e5 02       		.uleb128 0x2
 696 00e6 0A       		.uleb128 0xa
 697 00e7 00       		.byte	0
 698 00e8 00       		.byte	0
 699 00e9 12       		.uleb128 0x12
 700 00ea 05       		.uleb128 0x5
 701 00eb 00       		.byte	0
 702 00ec 03       		.uleb128 0x3
 703 00ed 08       		.uleb128 0x8
 704 00ee 3A       		.uleb128 0x3a
 705 00ef 0B       		.uleb128 0xb
 706 00f0 3B       		.uleb128 0x3b
 707 00f1 0B       		.uleb128 0xb
 708 00f2 49       		.uleb128 0x49
 709 00f3 13       		.uleb128 0x13
 710 00f4 02       		.uleb128 0x2
 711 00f5 06       		.uleb128 0x6
 712 00f6 00       		.byte	0
 713 00f7 00       		.byte	0
 714 00f8 13       		.uleb128 0x13
 715 00f9 34       		.uleb128 0x34
 716 00fa 00       		.byte	0
 717 00fb 03       		.uleb128 0x3
 718 00fc 08       		.uleb128 0x8
 719 00fd 3A       		.uleb128 0x3a
 720 00fe 0B       		.uleb128 0xb
 721 00ff 3B       		.uleb128 0x3b
 722 0100 0B       		.uleb128 0xb
 723 0101 49       		.uleb128 0x49
 724 0102 13       		.uleb128 0x13
 725 0103 02       		.uleb128 0x2
 726 0104 06       		.uleb128 0x6
 727 0105 00       		.byte	0
 728 0106 00       		.byte	0
 729 0107 14       		.uleb128 0x14
 730 0108 2E       		.uleb128 0x2e
 731 0109 01       		.byte	0x1
 732 010a 3F       		.uleb128 0x3f
 733 010b 0C       		.uleb128 0xc
 734 010c 03       		.uleb128 0x3
 735 010d 0E       		.uleb128 0xe
ARM GAS  /var/folders/pt/gxfsd_x53tx3h6kb8dkzftl80000gr/T//ccsilXVu.s 			page 14


 736 010e 3A       		.uleb128 0x3a
 737 010f 0B       		.uleb128 0xb
 738 0110 3B       		.uleb128 0x3b
 739 0111 0B       		.uleb128 0xb
 740 0112 27       		.uleb128 0x27
 741 0113 0C       		.uleb128 0xc
 742 0114 11       		.uleb128 0x11
 743 0115 01       		.uleb128 0x1
 744 0116 12       		.uleb128 0x12
 745 0117 01       		.uleb128 0x1
 746 0118 40       		.uleb128 0x40
 747 0119 0A       		.uleb128 0xa
 748 011a 9742     		.uleb128 0x2117
 749 011c 0C       		.uleb128 0xc
 750 011d 01       		.uleb128 0x1
 751 011e 13       		.uleb128 0x13
 752 011f 00       		.byte	0
 753 0120 00       		.byte	0
 754 0121 15       		.uleb128 0x15
 755 0122 34       		.uleb128 0x34
 756 0123 00       		.byte	0
 757 0124 03       		.uleb128 0x3
 758 0125 0E       		.uleb128 0xe
 759 0126 3A       		.uleb128 0x3a
 760 0127 0B       		.uleb128 0xb
 761 0128 3B       		.uleb128 0x3b
 762 0129 0B       		.uleb128 0xb
 763 012a 49       		.uleb128 0x49
 764 012b 13       		.uleb128 0x13
 765 012c 3F       		.uleb128 0x3f
 766 012d 0C       		.uleb128 0xc
 767 012e 02       		.uleb128 0x2
 768 012f 0A       		.uleb128 0xa
 769 0130 00       		.byte	0
 770 0131 00       		.byte	0
 771 0132 00       		.byte	0
 772              		.section	.debug_loc,"",%progbits
 773              	.Ldebug_loc0:
 774              	.LLST0:
 775 0000 00000000 		.4byte	.LFB8
 776 0004 02000000 		.4byte	.LCFI0
 777 0008 0200     		.2byte	0x2
 778 000a 7D       		.byte	0x7d
 779 000b 00       		.sleb128 0
 780 000c 02000000 		.4byte	.LCFI0
 781 0010 3C000000 		.4byte	.LFE8
 782 0014 0200     		.2byte	0x2
 783 0016 7D       		.byte	0x7d
 784 0017 0C       		.sleb128 12
 785 0018 00000000 		.4byte	0
 786 001c 00000000 		.4byte	0
 787              	.LLST1:
 788 0020 00000000 		.4byte	.LVL0
 789 0024 14000000 		.4byte	.LVL3
 790 0028 0100     		.2byte	0x1
 791 002a 51       		.byte	0x51
 792 002b 14000000 		.4byte	.LVL3
ARM GAS  /var/folders/pt/gxfsd_x53tx3h6kb8dkzftl80000gr/T//ccsilXVu.s 			page 15


 793 002f 32000000 		.4byte	.LVL5
 794 0033 0100     		.2byte	0x1
 795 0035 51       		.byte	0x51
 796 0036 32000000 		.4byte	.LVL5
 797 003a 3C000000 		.4byte	.LFE8
 798 003e 0500     		.2byte	0x5
 799 0040 74       		.byte	0x74
 800 0041 04       		.sleb128 4
 801 0042 06       		.byte	0x6
 802 0043 23       		.byte	0x23
 803 0044 08       		.uleb128 0x8
 804 0045 00000000 		.4byte	0
 805 0049 00000000 		.4byte	0
 806              	.LLST2:
 807 004d 00000000 		.4byte	.LVL0
 808 0051 1C000000 		.4byte	.LVL4
 809 0055 0100     		.2byte	0x1
 810 0057 53       		.byte	0x53
 811 0058 1C000000 		.4byte	.LVL4
 812 005c 3C000000 		.4byte	.LFE8
 813 0060 0200     		.2byte	0x2
 814 0062 70       		.byte	0x70
 815 0063 10       		.sleb128 16
 816 0064 00000000 		.4byte	0
 817 0068 00000000 		.4byte	0
 818              	.LLST3:
 819 006c 08000000 		.4byte	.LVL1
 820 0070 12000000 		.4byte	.LVL2
 821 0074 0100     		.2byte	0x1
 822 0076 54       		.byte	0x54
 823 0077 14000000 		.4byte	.LVL3
 824 007b 3C000000 		.4byte	.LFE8
 825 007f 0100     		.2byte	0x1
 826 0081 54       		.byte	0x54
 827 0082 00000000 		.4byte	0
 828 0086 00000000 		.4byte	0
 829              		.section	.debug_aranges,"",%progbits
 830 0000 2C000000 		.4byte	0x2c
 831 0004 0200     		.2byte	0x2
 832 0006 00000000 		.4byte	.Ldebug_info0
 833 000a 04       		.byte	0x4
 834 000b 00       		.byte	0
 835 000c 0000     		.2byte	0
 836 000e 0000     		.2byte	0
 837 0010 00000000 		.4byte	.LFB7
 838 0014 18000000 		.4byte	.LFE7-.LFB7
 839 0018 00000000 		.4byte	.LFB8
 840 001c 3C000000 		.4byte	.LFE8-.LFB8
 841 0020 00000000 		.4byte	.LFB9
 842 0024 24000000 		.4byte	.LFE9-.LFB9
 843 0028 00000000 		.4byte	0
 844 002c 00000000 		.4byte	0
 845              		.section	.debug_ranges,"",%progbits
 846              	.Ldebug_ranges0:
 847 0000 00000000 		.4byte	.LFB7
 848 0004 18000000 		.4byte	.LFE7
 849 0008 00000000 		.4byte	.LFB8
ARM GAS  /var/folders/pt/gxfsd_x53tx3h6kb8dkzftl80000gr/T//ccsilXVu.s 			page 16


 850 000c 3C000000 		.4byte	.LFE8
 851 0010 00000000 		.4byte	.LFB9
 852 0014 24000000 		.4byte	.LFE9
 853 0018 00000000 		.4byte	0
 854 001c 00000000 		.4byte	0
 855              		.section	.debug_line,"",%progbits
 856              	.Ldebug_line0:
 857 0000 78010000 		.section	.debug_str,"MS",%progbits,1
 857      02002301 
 857      00000201 
 857      FB0E0D00 
 857      01010101 
 858              	.LASF25:
 859 0000 63685654 		.ascii	"chVTSetI\000"
 859      53657449 
 859      00
 860              	.LASF11:
 861 0009 73797374 		.ascii	"systime_t\000"
 861      696D655F 
 861      7400
 862              	.LASF13:
 863 0013 76746675 		.ascii	"vtfunc_t\000"
 863      6E635F74 
 863      00
 864              	.LASF6:
 865 001c 6C6F6E67 		.ascii	"long unsigned int\000"
 865      20756E73 
 865      69676E65 
 865      6420696E 
 865      7400
 866              	.LASF4:
 867 002e 73686F72 		.ascii	"short unsigned int\000"
 867      7420756E 
 867      7369676E 
 867      65642069 
 867      6E7400
 868              	.LASF14:
 869 0041 56697274 		.ascii	"VirtualTimer\000"
 869      75616C54 
 869      696D6572 
 869      00
 870              	.LASF2:
 871 004e 756E7369 		.ascii	"unsigned char\000"
 871      676E6564 
 871      20636861 
 871      7200
 872              	.LASF30:
 873 005c 5F76745F 		.ascii	"_vt_init\000"
 873      696E6974 
 873      00
 874              	.LASF0:
 875 0065 756E7369 		.ascii	"unsigned int\000"
 875      676E6564 
 875      20696E74 
 875      00
 876              	.LASF29:
 877 0072 2F557365 		.ascii	"/Users/programmer/git/Prototypes/Jaws\000"
ARM GAS  /var/folders/pt/gxfsd_x53tx3h6kb8dkzftl80000gr/T//ccsilXVu.s 			page 17


 877      72732F70 
 877      726F6772 
 877      616D6D65 
 877      722F6769 
 878              	.LASF8:
 879 0098 6C6F6E67 		.ascii	"long long unsigned int\000"
 879      206C6F6E 
 879      6720756E 
 879      7369676E 
 879      65642069 
 880              	.LASF31:
 881 00af 76746C69 		.ascii	"vtlist\000"
 881      737400
 882              	.LASF28:
 883 00b6 636F6E76 		.ascii	"convex/ChibiOS_2.6.2/os/kernel/src/chvt.c\000"
 883      65782F43 
 883      68696269 
 883      4F535F32 
 883      2E362E32 
 884              	.LASF23:
 885 00e0 74696D65 		.ascii	"time\000"
 885      00
 886              	.LASF17:
 887 00e5 76745F74 		.ascii	"vt_time\000"
 887      696D6500 
 888              	.LASF12:
 889 00ed 73697A65 		.ascii	"sizetype\000"
 889      74797065 
 889      00
 890              	.LASF20:
 891 00f6 76745F73 		.ascii	"vt_systime\000"
 891      79737469 
 891      6D6500
 892              	.LASF7:
 893 0101 6C6F6E67 		.ascii	"long long int\000"
 893      206C6F6E 
 893      6720696E 
 893      7400
 894              	.LASF18:
 895 010f 76745F66 		.ascii	"vt_func\000"
 895      756E6300 
 896              	.LASF24:
 897 0117 76746675 		.ascii	"vtfunc\000"
 897      6E6300
 898              	.LASF22:
 899 011e 63686172 		.ascii	"char\000"
 899      00
 900              	.LASF27:
 901 0123 474E5520 		.ascii	"GNU C 4.7.2\000"
 901      4320342E 
 901      372E3200 
 902              	.LASF19:
 903 012f 76745F70 		.ascii	"vt_par\000"
 903      617200
 904              	.LASF3:
 905 0136 73686F72 		.ascii	"short int\000"
 905      7420696E 
ARM GAS  /var/folders/pt/gxfsd_x53tx3h6kb8dkzftl80000gr/T//ccsilXVu.s 			page 18


 905      7400
 906              	.LASF16:
 907 0140 76745F70 		.ascii	"vt_prev\000"
 907      72657600 
 908              	.LASF10:
 909 0148 75696E74 		.ascii	"uint32_t\000"
 909      33325F74 
 909      00
 910              	.LASF5:
 911 0151 6C6F6E67 		.ascii	"long int\000"
 911      20696E74 
 911      00
 912              	.LASF1:
 913 015a 7369676E 		.ascii	"signed char\000"
 913      65642063 
 913      68617200 
 914              	.LASF21:
 915 0166 56544C69 		.ascii	"VTList\000"
 915      737400
 916              	.LASF15:
 917 016d 76745F6E 		.ascii	"vt_next\000"
 917      65787400 
 918              	.LASF26:
 919 0175 63685654 		.ascii	"chVTResetI\000"
 919      52657365 
 919      744900
 920              	.LASF9:
 921 0180 5F426F6F 		.ascii	"_Bool\000"
 921      6C00
 922              		.ident	"GCC: (GNU) 4.7.2"
ARM GAS  /var/folders/pt/gxfsd_x53tx3h6kb8dkzftl80000gr/T//ccsilXVu.s 			page 19


DEFINED SYMBOLS
                            *ABS*:0000000000000000 chvt.c
/var/folders/pt/gxfsd_x53tx3h6kb8dkzftl80000gr/T//ccsilXVu.s:19     .text._vt_init:0000000000000000 $t
/var/folders/pt/gxfsd_x53tx3h6kb8dkzftl80000gr/T//ccsilXVu.s:25     .text._vt_init:0000000000000000 _vt_init
/var/folders/pt/gxfsd_x53tx3h6kb8dkzftl80000gr/T//ccsilXVu.s:176    .bss.vtlist:0000000000000000 .LANCHOR0
/var/folders/pt/gxfsd_x53tx3h6kb8dkzftl80000gr/T//ccsilXVu.s:51     .text.chVTSetI:0000000000000000 $t
/var/folders/pt/gxfsd_x53tx3h6kb8dkzftl80000gr/T//ccsilXVu.s:57     .text.chVTSetI:0000000000000000 chVTSetI
/var/folders/pt/gxfsd_x53tx3h6kb8dkzftl80000gr/T//ccsilXVu.s:124    .text.chVTSetI:0000000000000038 $d
/var/folders/pt/gxfsd_x53tx3h6kb8dkzftl80000gr/T//ccsilXVu.s:129    .text.chVTResetI:0000000000000000 $t
/var/folders/pt/gxfsd_x53tx3h6kb8dkzftl80000gr/T//ccsilXVu.s:135    .text.chVTResetI:0000000000000000 chVTResetI
/var/folders/pt/gxfsd_x53tx3h6kb8dkzftl80000gr/T//ccsilXVu.s:169    .text.chVTResetI:0000000000000020 $d
/var/folders/pt/gxfsd_x53tx3h6kb8dkzftl80000gr/T//ccsilXVu.s:179    .bss.vtlist:0000000000000000 vtlist
/var/folders/pt/gxfsd_x53tx3h6kb8dkzftl80000gr/T//ccsilXVu.s:175    .bss.vtlist:0000000000000000 $d
                     .debug_frame:0000000000000010 $d
/var/folders/pt/gxfsd_x53tx3h6kb8dkzftl80000gr/T//ccsilXVu.s:128    .text.chVTSetI:000000000000003c $t
/var/folders/pt/gxfsd_x53tx3h6kb8dkzftl80000gr/T//ccsilXVu.s:174    .text.chVTResetI:0000000000000024 $t

NO UNDEFINED SYMBOLS
