ARM GAS  /var/folders/pt/gxfsd_x53tx3h6kb8dkzftl80000gr/T//ccIqJBdD.s 			page 1


   1              		.syntax unified
   2              		.cpu cortex-m3
   3              		.fpu softvfp
   4              		.eabi_attribute 20, 1
   5              		.eabi_attribute 21, 1
   6              		.eabi_attribute 23, 3
   7              		.eabi_attribute 24, 1
   8              		.eabi_attribute 25, 1
   9              		.eabi_attribute 26, 1
  10              		.eabi_attribute 30, 2
  11              		.eabi_attribute 34, 1
  12              		.eabi_attribute 18, 4
  13              		.thumb
  14              		.file	"pal_lld.c"
  15              		.text
  16              	.Ltext0:
  17              		.cfi_sections	.debug_frame
  18              		.section	.text._pal_lld_init,"ax",%progbits
  19              		.align	2
  20              		.p2align 4,,15
  21              		.global	_pal_lld_init
  22              		.thumb
  23              		.thumb_func
  24              		.type	_pal_lld_init, %function
  25              	_pal_lld_init:
  26              	.LFB63:
  27              		.file 1 "convex/ChibiOS_2.6.2/os/hal/platforms/STM32/GPIOv1/pal_lld.c"
  28              		.loc 1 77 0
  29              		.cfi_startproc
  30              		@ args = 0, pretend = 0, frame = 0
  31              		@ frame_needed = 0, uses_anonymous_args = 0
  32              		@ link register save eliminated.
  33              	.LVL0:
  34              		.loc 1 82 0
  35 0000 4FF48053 		mov	r3, #4096
  36 0004 C4F20203 		movt	r3, 16386
  37 0008 9A69     		ldr	r2, [r3, #24]
  38              		.loc 1 77 0
  39 000a 30B4     		push	{r4, r5}
  40              	.LCFI0:
  41              		.cfi_def_cfa_offset 8
  42              		.cfi_offset 4, -8
  43              		.cfi_offset 5, -4
  44              		.loc 1 82 0
  45 000c 42F4FE72 		orr	r2, r2, #508
  46 0010 42F00102 		orr	r2, r2, #1
  47 0014 9A61     		str	r2, [r3, #24]
  48              		.loc 1 87 0
  49 0016 0268     		ldr	r2, [r0, #0]
  50 0018 4FF40063 		mov	r3, #2048
  51 001c C4F20103 		movt	r3, 16385
  52 0020 DA60     		str	r2, [r3, #12]
  53              		.loc 1 88 0
  54 0022 8168     		ldr	r1, [r0, #8]
  55              		.loc 1 90 0
  56 0024 4FF44062 		mov	r2, #3072
  57              		.loc 1 88 0
ARM GAS  /var/folders/pt/gxfsd_x53tx3h6kb8dkzftl80000gr/T//ccIqJBdD.s 			page 2


  58 0028 5960     		str	r1, [r3, #4]
  59              		.loc 1 89 0
  60 002a 4168     		ldr	r1, [r0, #4]
  61              		.loc 1 90 0
  62 002c C4F20102 		movt	r2, 16385
  63              		.loc 1 89 0
  64 0030 1960     		str	r1, [r3, #0]
  65              		.loc 1 90 0
  66 0032 C168     		ldr	r1, [r0, #12]
  67              		.loc 1 93 0
  68 0034 4FF48053 		mov	r3, #4096
  69              		.loc 1 90 0
  70 0038 D160     		str	r1, [r2, #12]
  71              		.loc 1 91 0
  72 003a 4169     		ldr	r1, [r0, #20]
  73              		.loc 1 93 0
  74 003c C4F20103 		movt	r3, 16385
  75              		.loc 1 91 0
  76 0040 5160     		str	r1, [r2, #4]
  77              		.loc 1 92 0
  78 0042 0169     		ldr	r1, [r0, #16]
  79              		.loc 1 96 0
  80 0044 4FF4A054 		mov	r4, #5120
  81              		.loc 1 92 0
  82 0048 1160     		str	r1, [r2, #0]
  83              		.loc 1 93 0
  84 004a 8269     		ldr	r2, [r0, #24]
  85              		.loc 1 96 0
  86 004c C4F20104 		movt	r4, 16385
  87              		.loc 1 93 0
  88 0050 DA60     		str	r2, [r3, #12]
  89              		.loc 1 94 0
  90 0052 026A     		ldr	r2, [r0, #32]
  91              		.loc 1 100 0
  92 0054 4FF4C051 		mov	r1, #6144
  93              		.loc 1 94 0
  94 0058 5A60     		str	r2, [r3, #4]
  95              		.loc 1 95 0
  96 005a C269     		ldr	r2, [r0, #28]
  97              		.loc 1 100 0
  98 005c C4F20101 		movt	r1, 16385
  99              		.loc 1 95 0
 100 0060 1A60     		str	r2, [r3, #0]
 101              		.loc 1 96 0
 102 0062 436A     		ldr	r3, [r0, #36]
 103              		.loc 1 104 0
 104 0064 4FF4E052 		mov	r2, #7168
 105              		.loc 1 96 0
 106 0068 E360     		str	r3, [r4, #12]
 107              		.loc 1 97 0
 108 006a C36A     		ldr	r3, [r0, #44]
 109              		.loc 1 104 0
 110 006c C4F20102 		movt	r2, 16385
 111              		.loc 1 97 0
 112 0070 6360     		str	r3, [r4, #4]
 113              		.loc 1 98 0
 114 0072 856A     		ldr	r5, [r0, #40]
ARM GAS  /var/folders/pt/gxfsd_x53tx3h6kb8dkzftl80000gr/T//ccIqJBdD.s 			page 3


 115              		.loc 1 108 0
 116 0074 4FF40053 		mov	r3, #8192
 117              		.loc 1 98 0
 118 0078 2560     		str	r5, [r4, #0]
 119              		.loc 1 100 0
 120 007a 046B     		ldr	r4, [r0, #48]
 121              		.loc 1 108 0
 122 007c C4F20103 		movt	r3, 16385
 123              		.loc 1 100 0
 124 0080 CC60     		str	r4, [r1, #12]
 125              		.loc 1 101 0
 126 0082 846B     		ldr	r4, [r0, #56]
 127 0084 4C60     		str	r4, [r1, #4]
 128              		.loc 1 102 0
 129 0086 446B     		ldr	r4, [r0, #52]
 130 0088 0C60     		str	r4, [r1, #0]
 131              		.loc 1 104 0
 132 008a C16B     		ldr	r1, [r0, #60]
 133 008c D160     		str	r1, [r2, #12]
 134              		.loc 1 105 0
 135 008e 416C     		ldr	r1, [r0, #68]
 136 0090 5160     		str	r1, [r2, #4]
 137              		.loc 1 106 0
 138 0092 016C     		ldr	r1, [r0, #64]
 139 0094 1160     		str	r1, [r2, #0]
 140              		.loc 1 108 0
 141 0096 826C     		ldr	r2, [r0, #72]
 142 0098 DA60     		str	r2, [r3, #12]
 143              		.loc 1 109 0
 144 009a 026D     		ldr	r2, [r0, #80]
 145 009c 5A60     		str	r2, [r3, #4]
 146              		.loc 1 110 0
 147 009e C26C     		ldr	r2, [r0, #76]
 148 00a0 1A60     		str	r2, [r3, #0]
 149              		.loc 1 114 0
 150 00a2 30BC     		pop	{r4, r5}
 151 00a4 7047     		bx	lr
 152              		.cfi_endproc
 153              	.LFE63:
 154              		.size	_pal_lld_init, .-_pal_lld_init
 155 00a6 00BFAFF3 		.section	.text._pal_lld_setgroupmode,"ax",%progbits
 155      0080AFF3 
 155      0080
 156              		.align	2
 157              		.p2align 4,,15
 158              		.global	_pal_lld_setgroupmode
 159              		.thumb
 160              		.thumb_func
 161              		.type	_pal_lld_setgroupmode, %function
 162              	_pal_lld_setgroupmode:
 163              	.LFB64:
 164              		.loc 1 133 0
 165              		.cfi_startproc
 166              		@ args = 0, pretend = 0, frame = 0
 167              		@ frame_needed = 0, uses_anonymous_args = 0
 168              		@ link register save eliminated.
 169              	.LVL1:
ARM GAS  /var/folders/pt/gxfsd_x53tx3h6kb8dkzftl80000gr/T//ccIqJBdD.s 			page 4


 170              		.loc 1 157 0
 171 0000 032A     		cmp	r2, #3
 172              		.loc 1 133 0
 173 0002 F0B4     		push	{r4, r5, r6, r7}
 174              	.LCFI1:
 175              		.cfi_def_cfa_offset 16
 176              		.cfi_offset 4, -16
 177              		.cfi_offset 5, -12
 178              		.cfi_offset 6, -8
 179              		.cfi_offset 7, -4
 180              		.loc 1 158 0
 181 0004 08BF     		it	eq
 182 0006 0161     		streq	r1, [r0, #16]
 183              		.loc 1 157 0
 184 0008 02D0     		beq	.L4
 185              		.loc 1 159 0
 186 000a 042A     		cmp	r2, #4
 187              		.loc 1 160 0
 188 000c 08BF     		it	eq
 189 000e 4161     		streq	r1, [r0, #20]
 190              	.L4:
 191              		.loc 1 161 0
 192 0010 114C     		ldr	r4, .L12
 193              		.loc 1 162 0
 194 0012 0023     		movs	r3, #0
 195              		.loc 1 161 0
 196 0014 A75C     		ldrb	r7, [r4, r2]	@ zero_extendqisi2
 197              	.LVL2:
 198 0016 0826     		movs	r6, #8
 199              		.loc 1 162 0
 200 0018 1C46     		mov	r4, r3
 201 001a 1A46     		mov	r2, r3
 202              	.LVL3:
 203 001c 1D46     		mov	r5, r3
 204              	.LVL4:
 205              	.L9:
 206              		.loc 1 167 0
 207 001e 2401     		lsls	r4, r4, #4
 208              		.loc 1 164 0
 209 0020 1201     		lsls	r2, r2, #4
 210              	.LVL5:
 211              		.loc 1 165 0
 212 0022 2D01     		lsls	r5, r5, #4
 213              	.LVL6:
 214              		.loc 1 166 0
 215 0024 1B01     		lsls	r3, r3, #4
 216              	.LVL7:
 217              		.loc 1 168 0
 218 0026 11F0800F 		tst	r1, #128
 219              		.loc 1 169 0
 220 002a 0CBF     		ite	eq
 221 002c 42F00F02 		orreq	r2, r2, #15
 222              	.LVL8:
 223              		.loc 1 171 0
 224 0030 3B43     		orrne	r3, r3, r7
 225              	.LVL9:
 226              		.loc 1 172 0
ARM GAS  /var/folders/pt/gxfsd_x53tx3h6kb8dkzftl80000gr/T//ccIqJBdD.s 			page 5


 227 0032 11F4004F 		tst	r1, #32768
 228              		.loc 1 173 0
 229 0036 0CBF     		ite	eq
 230 0038 45F00F05 		orreq	r5, r5, #15
 231              	.LVL10:
 232              		.loc 1 175 0
 233 003c 3C43     		orrne	r4, r4, r7
 234              	.LVL11:
 235              		.loc 1 176 0
 236 003e 4900     		lsls	r1, r1, #1
 237              	.LVL12:
 238              		.loc 1 163 0
 239 0040 013E     		subs	r6, r6, #1
 240 0042 ECD1     		bne	.L9
 241              		.loc 1 178 0
 242 0044 4168     		ldr	r1, [r0, #4]
 243              	.LVL13:
 244 0046 0D40     		ands	r5, r5, r1
 245              	.LVL14:
 246 0048 2C43     		orrs	r4, r4, r5
 247              	.LVL15:
 248 004a 4460     		str	r4, [r0, #4]
 249              		.loc 1 179 0
 250 004c 0168     		ldr	r1, [r0, #0]
 251 004e 0A40     		ands	r2, r2, r1
 252              	.LVL16:
 253 0050 1343     		orrs	r3, r3, r2
 254              	.LVL17:
 255 0052 0360     		str	r3, [r0, #0]
 256              		.loc 1 180 0
 257 0054 F0BC     		pop	{r4, r5, r6, r7}
 258 0056 7047     		bx	lr
 259              	.L13:
 260              		.align	2
 261              	.L12:
 262 0058 00000000 		.word	.LANCHOR0
 263              		.cfi_endproc
 264              	.LFE64:
 265              		.size	_pal_lld_setgroupmode, .-_pal_lld_setgroupmode
 266 005c AFF30080 		.section	.rodata.cfgtab.6484,"a",%progbits
 267              		.align	2
 268              		.set	.LANCHOR0,. + 0
 269              		.type	cfgtab.6484, %object
 270              		.size	cfgtab.6484, 18
 271              	cfgtab.6484:
 272 0000 04       		.byte	4
 273 0001 02       		.byte	2
 274 0002 04       		.byte	4
 275 0003 08       		.byte	8
 276 0004 08       		.byte	8
 277 0005 00       		.byte	0
 278 0006 03       		.byte	3
 279 0007 07       		.byte	7
 280 0008 08       		.byte	8
 281 0009 08       		.byte	8
 282 000a 08       		.byte	8
 283 000b 08       		.byte	8
ARM GAS  /var/folders/pt/gxfsd_x53tx3h6kb8dkzftl80000gr/T//ccIqJBdD.s 			page 6


 284 000c 08       		.byte	8
 285 000d 08       		.byte	8
 286 000e 08       		.byte	8
 287 000f 08       		.byte	8
 288 0010 0B       		.byte	11
 289 0011 0F       		.byte	15
 290 0012 0000     		.text
 291              	.Letext0:
 292              		.file 2 "/Users/programmer/ConVEX/yagarto-4.7.2/bin/../lib/gcc/arm-none-eabi/4.7.2/../../../../arm
 293              		.file 3 "convex/ChibiOS_2.6.2/os/hal/platforms/STM32F1xx/stm32f10x.h"
 294              		.file 4 "convex/ChibiOS_2.6.2/os/hal/platforms/STM32/GPIOv1/pal_lld.h"
 295              		.file 5 "convex/ChibiOS_2.6.2/os/ports/common/ARMCMx/CMSIS/include/core_cm3.h"
 296              		.section	.debug_info,"",%progbits
 297              	.Ldebug_info0:
 298 0000 B2030000 		.4byte	0x3b2
 299 0004 0200     		.2byte	0x2
 300 0006 00000000 		.4byte	.Ldebug_abbrev0
 301 000a 04       		.byte	0x4
 302 000b 01       		.uleb128 0x1
 303 000c A3010000 		.4byte	.LASF45
 304 0010 01       		.byte	0x1
 305 0011 C4000000 		.4byte	.LASF46
 306 0015 11010000 		.4byte	.LASF47
 307 0019 00000000 		.4byte	.Ldebug_ranges0+0
 308 001d 00000000 		.4byte	0
 309 0021 00000000 		.4byte	0
 310 0025 00000000 		.4byte	.Ldebug_line0
 311 0029 02       		.uleb128 0x2
 312 002a 04       		.byte	0x4
 313 002b 05       		.byte	0x5
 314 002c 696E7400 		.ascii	"int\000"
 315 0030 03       		.uleb128 0x3
 316 0031 04       		.byte	0x4
 317 0032 07       		.byte	0x7
 318 0033 96010000 		.4byte	.LASF0
 319 0037 03       		.uleb128 0x3
 320 0038 01       		.byte	0x1
 321 0039 06       		.byte	0x6
 322 003a B1000000 		.4byte	.LASF1
 323 003e 04       		.uleb128 0x4
 324 003f 94000000 		.4byte	.LASF5
 325 0043 02       		.byte	0x2
 326 0044 2A       		.byte	0x2a
 327 0045 49000000 		.4byte	0x49
 328 0049 03       		.uleb128 0x3
 329 004a 01       		.byte	0x1
 330 004b 08       		.byte	0x8
 331 004c 60010000 		.4byte	.LASF2
 332 0050 03       		.uleb128 0x3
 333 0051 02       		.byte	0x2
 334 0052 05       		.byte	0x5
 335 0053 4B000000 		.4byte	.LASF3
 336 0057 03       		.uleb128 0x3
 337 0058 02       		.byte	0x2
 338 0059 07       		.byte	0x7
 339 005a C2010000 		.4byte	.LASF4
 340 005e 04       		.uleb128 0x4
ARM GAS  /var/folders/pt/gxfsd_x53tx3h6kb8dkzftl80000gr/T//ccIqJBdD.s 			page 7


 341 005f DA010000 		.4byte	.LASF6
 342 0063 02       		.byte	0x2
 343 0064 4F       		.byte	0x4f
 344 0065 69000000 		.4byte	0x69
 345 0069 03       		.uleb128 0x3
 346 006a 04       		.byte	0x4
 347 006b 05       		.byte	0x5
 348 006c 01010000 		.4byte	.LASF7
 349 0070 04       		.uleb128 0x4
 350 0071 8D010000 		.4byte	.LASF8
 351 0075 02       		.byte	0x2
 352 0076 50       		.byte	0x50
 353 0077 7B000000 		.4byte	0x7b
 354 007b 03       		.uleb128 0x3
 355 007c 04       		.byte	0x4
 356 007d 07       		.byte	0x7
 357 007e FE010000 		.4byte	.LASF9
 358 0082 03       		.uleb128 0x3
 359 0083 08       		.byte	0x8
 360 0084 05       		.byte	0x5
 361 0085 63000000 		.4byte	.LASF10
 362 0089 03       		.uleb128 0x3
 363 008a 08       		.byte	0x8
 364 008b 07       		.byte	0x7
 365 008c 76010000 		.4byte	.LASF11
 366 0090 03       		.uleb128 0x3
 367 0091 01       		.byte	0x1
 368 0092 02       		.byte	0x2
 369 0093 EC010000 		.4byte	.LASF12
 370 0097 05       		.uleb128 0x5
 371 0098 70000000 		.4byte	0x70
 372 009c 03       		.uleb128 0x3
 373 009d 04       		.byte	0x4
 374 009e 07       		.byte	0x7
 375 009f 55000000 		.4byte	.LASF13
 376 00a3 03       		.uleb128 0x3
 377 00a4 01       		.byte	0x1
 378 00a5 08       		.byte	0x8
 379 00a6 D5010000 		.4byte	.LASF14
 380 00aa 05       		.uleb128 0x5
 381 00ab 5E000000 		.4byte	0x5e
 382 00af 06       		.uleb128 0x6
 383 00b0 1C       		.byte	0x1c
 384 00b1 03       		.byte	0x3
 385 00b2 F803     		.2byte	0x3f8
 386 00b4 22010000 		.4byte	0x122
 387 00b8 07       		.uleb128 0x7
 388 00b9 43524C00 		.ascii	"CRL\000"
 389 00bd 03       		.byte	0x3
 390 00be FA03     		.2byte	0x3fa
 391 00c0 97000000 		.4byte	0x97
 392 00c4 02       		.byte	0x2
 393 00c5 23       		.byte	0x23
 394 00c6 00       		.uleb128 0
 395 00c7 07       		.uleb128 0x7
 396 00c8 43524800 		.ascii	"CRH\000"
 397 00cc 03       		.byte	0x3
ARM GAS  /var/folders/pt/gxfsd_x53tx3h6kb8dkzftl80000gr/T//ccIqJBdD.s 			page 8


 398 00cd FB03     		.2byte	0x3fb
 399 00cf 97000000 		.4byte	0x97
 400 00d3 02       		.byte	0x2
 401 00d4 23       		.byte	0x23
 402 00d5 04       		.uleb128 0x4
 403 00d6 07       		.uleb128 0x7
 404 00d7 49445200 		.ascii	"IDR\000"
 405 00db 03       		.byte	0x3
 406 00dc FC03     		.2byte	0x3fc
 407 00de 97000000 		.4byte	0x97
 408 00e2 02       		.byte	0x2
 409 00e3 23       		.byte	0x23
 410 00e4 08       		.uleb128 0x8
 411 00e5 07       		.uleb128 0x7
 412 00e6 4F445200 		.ascii	"ODR\000"
 413 00ea 03       		.byte	0x3
 414 00eb FD03     		.2byte	0x3fd
 415 00ed 97000000 		.4byte	0x97
 416 00f1 02       		.byte	0x2
 417 00f2 23       		.byte	0x23
 418 00f3 0C       		.uleb128 0xc
 419 00f4 08       		.uleb128 0x8
 420 00f5 7F000000 		.4byte	.LASF15
 421 00f9 03       		.byte	0x3
 422 00fa FE03     		.2byte	0x3fe
 423 00fc 97000000 		.4byte	0x97
 424 0100 02       		.byte	0x2
 425 0101 23       		.byte	0x23
 426 0102 10       		.uleb128 0x10
 427 0103 07       		.uleb128 0x7
 428 0104 42525200 		.ascii	"BRR\000"
 429 0108 03       		.byte	0x3
 430 0109 FF03     		.2byte	0x3ff
 431 010b 97000000 		.4byte	0x97
 432 010f 02       		.byte	0x2
 433 0110 23       		.byte	0x23
 434 0111 14       		.uleb128 0x14
 435 0112 08       		.uleb128 0x8
 436 0113 2E020000 		.4byte	.LASF16
 437 0117 03       		.byte	0x3
 438 0118 0004     		.2byte	0x400
 439 011a 97000000 		.4byte	0x97
 440 011e 02       		.byte	0x2
 441 011f 23       		.byte	0x23
 442 0120 18       		.uleb128 0x18
 443 0121 00       		.byte	0
 444 0122 09       		.uleb128 0x9
 445 0123 00000000 		.4byte	.LASF17
 446 0127 03       		.byte	0x3
 447 0128 0104     		.2byte	0x401
 448 012a AF000000 		.4byte	0xaf
 449 012e 06       		.uleb128 0x6
 450 012f 28       		.byte	0x28
 451 0130 03       		.byte	0x3
 452 0131 4304     		.2byte	0x443
 453 0133 CD010000 		.4byte	0x1cd
 454 0137 07       		.uleb128 0x7
ARM GAS  /var/folders/pt/gxfsd_x53tx3h6kb8dkzftl80000gr/T//ccIqJBdD.s 			page 9


 455 0138 435200   		.ascii	"CR\000"
 456 013b 03       		.byte	0x3
 457 013c 4504     		.2byte	0x445
 458 013e 97000000 		.4byte	0x97
 459 0142 02       		.byte	0x2
 460 0143 23       		.byte	0x23
 461 0144 00       		.uleb128 0
 462 0145 08       		.uleb128 0x8
 463 0146 29020000 		.4byte	.LASF18
 464 014a 03       		.byte	0x3
 465 014b 4604     		.2byte	0x446
 466 014d 97000000 		.4byte	0x97
 467 0151 02       		.byte	0x2
 468 0152 23       		.byte	0x23
 469 0153 04       		.uleb128 0x4
 470 0154 07       		.uleb128 0x7
 471 0155 43495200 		.ascii	"CIR\000"
 472 0159 03       		.byte	0x3
 473 015a 4704     		.2byte	0x447
 474 015c 97000000 		.4byte	0x97
 475 0160 02       		.byte	0x2
 476 0161 23       		.byte	0x23
 477 0162 08       		.uleb128 0x8
 478 0163 08       		.uleb128 0x8
 479 0164 37010000 		.4byte	.LASF19
 480 0168 03       		.byte	0x3
 481 0169 4804     		.2byte	0x448
 482 016b 97000000 		.4byte	0x97
 483 016f 02       		.byte	0x2
 484 0170 23       		.byte	0x23
 485 0171 0C       		.uleb128 0xc
 486 0172 08       		.uleb128 0x8
 487 0173 71000000 		.4byte	.LASF20
 488 0177 03       		.byte	0x3
 489 0178 4904     		.2byte	0x449
 490 017a 97000000 		.4byte	0x97
 491 017e 02       		.byte	0x2
 492 017f 23       		.byte	0x23
 493 0180 10       		.uleb128 0x10
 494 0181 08       		.uleb128 0x8
 495 0182 47010000 		.4byte	.LASF21
 496 0186 03       		.byte	0x3
 497 0187 4A04     		.2byte	0x44a
 498 0189 97000000 		.4byte	0x97
 499 018d 02       		.byte	0x2
 500 018e 23       		.byte	0x23
 501 018f 14       		.uleb128 0x14
 502 0190 08       		.uleb128 0x8
 503 0191 6E010000 		.4byte	.LASF22
 504 0195 03       		.byte	0x3
 505 0196 4B04     		.2byte	0x44b
 506 0198 97000000 		.4byte	0x97
 507 019c 02       		.byte	0x2
 508 019d 23       		.byte	0x23
 509 019e 18       		.uleb128 0x18
 510 019f 08       		.uleb128 0x8
 511 01a0 9C000000 		.4byte	.LASF23
ARM GAS  /var/folders/pt/gxfsd_x53tx3h6kb8dkzftl80000gr/T//ccIqJBdD.s 			page 10


 512 01a4 03       		.byte	0x3
 513 01a5 4C04     		.2byte	0x44c
 514 01a7 97000000 		.4byte	0x97
 515 01ab 02       		.byte	0x2
 516 01ac 23       		.byte	0x23
 517 01ad 1C       		.uleb128 0x1c
 518 01ae 08       		.uleb128 0x8
 519 01af 5E000000 		.4byte	.LASF24
 520 01b3 03       		.byte	0x3
 521 01b4 4D04     		.2byte	0x44d
 522 01b6 97000000 		.4byte	0x97
 523 01ba 02       		.byte	0x2
 524 01bb 23       		.byte	0x23
 525 01bc 20       		.uleb128 0x20
 526 01bd 07       		.uleb128 0x7
 527 01be 43535200 		.ascii	"CSR\000"
 528 01c2 03       		.byte	0x3
 529 01c3 4E04     		.2byte	0x44e
 530 01c5 97000000 		.4byte	0x97
 531 01c9 02       		.byte	0x2
 532 01ca 23       		.byte	0x23
 533 01cb 24       		.uleb128 0x24
 534 01cc 00       		.byte	0
 535 01cd 09       		.uleb128 0x9
 536 01ce 14000000 		.4byte	.LASF25
 537 01d2 03       		.byte	0x3
 538 01d3 5904     		.2byte	0x459
 539 01d5 2E010000 		.4byte	0x12e
 540 01d9 0A       		.uleb128 0xa
 541 01da 0C       		.byte	0xc
 542 01db 04       		.byte	0x4
 543 01dc 38       		.byte	0x38
 544 01dd 0C020000 		.4byte	0x20c
 545 01e1 0B       		.uleb128 0xb
 546 01e2 6F647200 		.ascii	"odr\000"
 547 01e6 04       		.byte	0x4
 548 01e7 3A       		.byte	0x3a
 549 01e8 70000000 		.4byte	0x70
 550 01ec 02       		.byte	0x2
 551 01ed 23       		.byte	0x23
 552 01ee 00       		.uleb128 0
 553 01ef 0B       		.uleb128 0xb
 554 01f0 63726C00 		.ascii	"crl\000"
 555 01f4 04       		.byte	0x4
 556 01f5 3C       		.byte	0x3c
 557 01f6 70000000 		.4byte	0x70
 558 01fa 02       		.byte	0x2
 559 01fb 23       		.byte	0x23
 560 01fc 04       		.uleb128 0x4
 561 01fd 0B       		.uleb128 0xb
 562 01fe 63726800 		.ascii	"crh\000"
 563 0202 04       		.byte	0x4
 564 0203 3E       		.byte	0x3e
 565 0204 70000000 		.4byte	0x70
 566 0208 02       		.byte	0x2
 567 0209 23       		.byte	0x23
 568 020a 08       		.uleb128 0x8
ARM GAS  /var/folders/pt/gxfsd_x53tx3h6kb8dkzftl80000gr/T//ccIqJBdD.s 			page 11


 569 020b 00       		.byte	0
 570 020c 04       		.uleb128 0x4
 571 020d AF010000 		.4byte	.LASF26
 572 0211 04       		.byte	0x4
 573 0212 3F       		.byte	0x3f
 574 0213 D9010000 		.4byte	0x1d9
 575 0217 0A       		.uleb128 0xa
 576 0218 54       		.byte	0x54
 577 0219 04       		.byte	0x4
 578 021a 48       		.byte	0x48
 579 021b 82020000 		.4byte	0x282
 580 021f 0C       		.uleb128 0xc
 581 0220 BD000000 		.4byte	.LASF27
 582 0224 04       		.byte	0x4
 583 0225 4A       		.byte	0x4a
 584 0226 0C020000 		.4byte	0x20c
 585 022a 02       		.byte	0x2
 586 022b 23       		.byte	0x23
 587 022c 00       		.uleb128 0
 588 022d 0C       		.uleb128 0xc
 589 022e 22020000 		.4byte	.LASF28
 590 0232 04       		.byte	0x4
 591 0233 4C       		.byte	0x4c
 592 0234 0C020000 		.4byte	0x20c
 593 0238 02       		.byte	0x2
 594 0239 23       		.byte	0x23
 595 023a 0C       		.uleb128 0xc
 596 023b 0C       		.uleb128 0xc
 597 023c 0D000000 		.4byte	.LASF29
 598 0240 04       		.byte	0x4
 599 0241 4E       		.byte	0x4e
 600 0242 0C020000 		.4byte	0x20c
 601 0246 02       		.byte	0x2
 602 0247 23       		.byte	0x23
 603 0248 18       		.uleb128 0x18
 604 0249 0C       		.uleb128 0xc
 605 024a 0A010000 		.4byte	.LASF30
 606 024e 04       		.byte	0x4
 607 024f 50       		.byte	0x50
 608 0250 0C020000 		.4byte	0x20c
 609 0254 02       		.byte	0x2
 610 0255 23       		.byte	0x23
 611 0256 24       		.uleb128 0x24
 612 0257 0C       		.uleb128 0xc
 613 0258 F2010000 		.4byte	.LASF31
 614 025c 04       		.byte	0x4
 615 025d 53       		.byte	0x53
 616 025e 0C020000 		.4byte	0x20c
 617 0262 02       		.byte	0x2
 618 0263 23       		.byte	0x23
 619 0264 30       		.uleb128 0x30
 620 0265 0C       		.uleb128 0xc
 621 0266 44000000 		.4byte	.LASF32
 622 026a 04       		.byte	0x4
 623 026b 56       		.byte	0x56
 624 026c 0C020000 		.4byte	0x20c
 625 0270 02       		.byte	0x2
ARM GAS  /var/folders/pt/gxfsd_x53tx3h6kb8dkzftl80000gr/T//ccIqJBdD.s 			page 12


 626 0271 23       		.byte	0x23
 627 0272 3C       		.uleb128 0x3c
 628 0273 0C       		.uleb128 0xc
 629 0274 40010000 		.4byte	.LASF33
 630 0278 04       		.byte	0x4
 631 0279 59       		.byte	0x59
 632 027a 0C020000 		.4byte	0x20c
 633 027e 02       		.byte	0x2
 634 027f 23       		.byte	0x23
 635 0280 48       		.uleb128 0x48
 636 0281 00       		.byte	0
 637 0282 04       		.uleb128 0x4
 638 0283 E2010000 		.4byte	.LASF34
 639 0287 04       		.byte	0x4
 640 0288 5D       		.byte	0x5d
 641 0289 17020000 		.4byte	0x217
 642 028d 04       		.uleb128 0x4
 643 028e A4000000 		.4byte	.LASF35
 644 0292 04       		.byte	0x4
 645 0293 6D       		.byte	0x6d
 646 0294 70000000 		.4byte	0x70
 647 0298 04       		.uleb128 0x4
 648 0299 8B000000 		.4byte	.LASF36
 649 029d 04       		.byte	0x4
 650 029e 72       		.byte	0x72
 651 029f 70000000 		.4byte	0x70
 652 02a3 04       		.uleb128 0x4
 653 02a4 4E010000 		.4byte	.LASF37
 654 02a8 04       		.byte	0x4
 655 02a9 7A       		.byte	0x7a
 656 02aa AE020000 		.4byte	0x2ae
 657 02ae 0D       		.uleb128 0xd
 658 02af 04       		.byte	0x4
 659 02b0 22010000 		.4byte	0x122
 660 02b4 0E       		.uleb128 0xe
 661 02b5 01       		.byte	0x1
 662 02b6 36000000 		.4byte	.LASF38
 663 02ba 01       		.byte	0x1
 664 02bb 4D       		.byte	0x4d
 665 02bc 01       		.byte	0x1
 666 02bd 00000000 		.4byte	.LFB63
 667 02c1 A6000000 		.4byte	.LFE63
 668 02c5 00000000 		.4byte	.LLST0
 669 02c9 01       		.byte	0x1
 670 02ca DC020000 		.4byte	0x2dc
 671 02ce 0F       		.uleb128 0xf
 672 02cf 84000000 		.4byte	.LASF40
 673 02d3 01       		.byte	0x1
 674 02d4 4D       		.byte	0x4d
 675 02d5 DC020000 		.4byte	0x2dc
 676 02d9 01       		.byte	0x1
 677 02da 50       		.byte	0x50
 678 02db 00       		.byte	0
 679 02dc 0D       		.uleb128 0xd
 680 02dd 04       		.byte	0x4
 681 02de E2020000 		.4byte	0x2e2
 682 02e2 10       		.uleb128 0x10
ARM GAS  /var/folders/pt/gxfsd_x53tx3h6kb8dkzftl80000gr/T//ccIqJBdD.s 			page 13


 683 02e3 82020000 		.4byte	0x282
 684 02e7 0E       		.uleb128 0xe
 685 02e8 01       		.byte	0x1
 686 02e9 20000000 		.4byte	.LASF39
 687 02ed 01       		.byte	0x1
 688 02ee 83       		.byte	0x83
 689 02ef 01       		.byte	0x1
 690 02f0 00000000 		.4byte	.LFB64
 691 02f4 5C000000 		.4byte	.LFE64
 692 02f8 20000000 		.4byte	.LLST1
 693 02fc 01       		.byte	0x1
 694 02fd 92030000 		.4byte	0x392
 695 0301 0F       		.uleb128 0xf
 696 0302 F9010000 		.4byte	.LASF41
 697 0306 01       		.byte	0x1
 698 0307 83       		.byte	0x83
 699 0308 A3020000 		.4byte	0x2a3
 700 030c 01       		.byte	0x1
 701 030d 50       		.byte	0x50
 702 030e 11       		.uleb128 0x11
 703 030f 10020000 		.4byte	.LASF42
 704 0313 01       		.byte	0x1
 705 0314 84       		.byte	0x84
 706 0315 8D020000 		.4byte	0x28d
 707 0319 40000000 		.4byte	.LLST2
 708 031d 11       		.uleb128 0x11
 709 031e 7A000000 		.4byte	.LASF43
 710 0322 01       		.byte	0x1
 711 0323 85       		.byte	0x85
 712 0324 98020000 		.4byte	0x298
 713 0328 5E000000 		.4byte	.LLST3
 714 032c 12       		.uleb128 0x12
 715 032d 59010000 		.4byte	.LASF44
 716 0331 01       		.byte	0x1
 717 0332 86       		.byte	0x86
 718 0333 A2030000 		.4byte	0x3a2
 719 0337 05       		.byte	0x5
 720 0338 03       		.byte	0x3
 721 0339 00000000 		.4byte	cfgtab.6484
 722 033d 13       		.uleb128 0x13
 723 033e 6D6800   		.ascii	"mh\000"
 724 0341 01       		.byte	0x1
 725 0342 9A       		.byte	0x9a
 726 0343 70000000 		.4byte	0x70
 727 0347 7F000000 		.4byte	.LLST4
 728 034b 13       		.uleb128 0x13
 729 034c 6D6C00   		.ascii	"ml\000"
 730 034f 01       		.byte	0x1
 731 0350 9A       		.byte	0x9a
 732 0351 70000000 		.4byte	0x70
 733 0355 9E000000 		.4byte	.LLST5
 734 0359 13       		.uleb128 0x13
 735 035a 63726800 		.ascii	"crh\000"
 736 035e 01       		.byte	0x1
 737 035f 9A       		.byte	0x9a
 738 0360 70000000 		.4byte	0x70
 739 0364 BD000000 		.4byte	.LLST6
ARM GAS  /var/folders/pt/gxfsd_x53tx3h6kb8dkzftl80000gr/T//ccIqJBdD.s 			page 14


 740 0368 13       		.uleb128 0x13
 741 0369 63726C00 		.ascii	"crl\000"
 742 036d 01       		.byte	0x1
 743 036e 9A       		.byte	0x9a
 744 036f 70000000 		.4byte	0x70
 745 0373 DC000000 		.4byte	.LLST7
 746 0377 14       		.uleb128 0x14
 747 0378 63666700 		.ascii	"cfg\000"
 748 037c 01       		.byte	0x1
 749 037d 9A       		.byte	0x9a
 750 037e 70000000 		.4byte	0x70
 751 0382 01       		.byte	0x1
 752 0383 57       		.byte	0x57
 753 0384 13       		.uleb128 0x13
 754 0385 6900     		.ascii	"i\000"
 755 0387 01       		.byte	0x1
 756 0388 9B       		.byte	0x9b
 757 0389 30000000 		.4byte	0x30
 758 038d FB000000 		.4byte	.LLST8
 759 0391 00       		.byte	0
 760 0392 15       		.uleb128 0x15
 761 0393 3E000000 		.4byte	0x3e
 762 0397 A2030000 		.4byte	0x3a2
 763 039b 16       		.uleb128 0x16
 764 039c 9C000000 		.4byte	0x9c
 765 03a0 11       		.byte	0x11
 766 03a1 00       		.byte	0
 767 03a2 10       		.uleb128 0x10
 768 03a3 92030000 		.4byte	0x392
 769 03a7 17       		.uleb128 0x17
 770 03a8 15020000 		.4byte	.LASF48
 771 03ac 05       		.byte	0x5
 772 03ad 0706     		.2byte	0x607
 773 03af AA000000 		.4byte	0xaa
 774 03b3 01       		.byte	0x1
 775 03b4 01       		.byte	0x1
 776 03b5 00       		.byte	0
 777              		.section	.debug_abbrev,"",%progbits
 778              	.Ldebug_abbrev0:
 779 0000 01       		.uleb128 0x1
 780 0001 11       		.uleb128 0x11
 781 0002 01       		.byte	0x1
 782 0003 25       		.uleb128 0x25
 783 0004 0E       		.uleb128 0xe
 784 0005 13       		.uleb128 0x13
 785 0006 0B       		.uleb128 0xb
 786 0007 03       		.uleb128 0x3
 787 0008 0E       		.uleb128 0xe
 788 0009 1B       		.uleb128 0x1b
 789 000a 0E       		.uleb128 0xe
 790 000b 55       		.uleb128 0x55
 791 000c 06       		.uleb128 0x6
 792 000d 11       		.uleb128 0x11
 793 000e 01       		.uleb128 0x1
 794 000f 52       		.uleb128 0x52
 795 0010 01       		.uleb128 0x1
 796 0011 10       		.uleb128 0x10
ARM GAS  /var/folders/pt/gxfsd_x53tx3h6kb8dkzftl80000gr/T//ccIqJBdD.s 			page 15


 797 0012 06       		.uleb128 0x6
 798 0013 00       		.byte	0
 799 0014 00       		.byte	0
 800 0015 02       		.uleb128 0x2
 801 0016 24       		.uleb128 0x24
 802 0017 00       		.byte	0
 803 0018 0B       		.uleb128 0xb
 804 0019 0B       		.uleb128 0xb
 805 001a 3E       		.uleb128 0x3e
 806 001b 0B       		.uleb128 0xb
 807 001c 03       		.uleb128 0x3
 808 001d 08       		.uleb128 0x8
 809 001e 00       		.byte	0
 810 001f 00       		.byte	0
 811 0020 03       		.uleb128 0x3
 812 0021 24       		.uleb128 0x24
 813 0022 00       		.byte	0
 814 0023 0B       		.uleb128 0xb
 815 0024 0B       		.uleb128 0xb
 816 0025 3E       		.uleb128 0x3e
 817 0026 0B       		.uleb128 0xb
 818 0027 03       		.uleb128 0x3
 819 0028 0E       		.uleb128 0xe
 820 0029 00       		.byte	0
 821 002a 00       		.byte	0
 822 002b 04       		.uleb128 0x4
 823 002c 16       		.uleb128 0x16
 824 002d 00       		.byte	0
 825 002e 03       		.uleb128 0x3
 826 002f 0E       		.uleb128 0xe
 827 0030 3A       		.uleb128 0x3a
 828 0031 0B       		.uleb128 0xb
 829 0032 3B       		.uleb128 0x3b
 830 0033 0B       		.uleb128 0xb
 831 0034 49       		.uleb128 0x49
 832 0035 13       		.uleb128 0x13
 833 0036 00       		.byte	0
 834 0037 00       		.byte	0
 835 0038 05       		.uleb128 0x5
 836 0039 35       		.uleb128 0x35
 837 003a 00       		.byte	0
 838 003b 49       		.uleb128 0x49
 839 003c 13       		.uleb128 0x13
 840 003d 00       		.byte	0
 841 003e 00       		.byte	0
 842 003f 06       		.uleb128 0x6
 843 0040 13       		.uleb128 0x13
 844 0041 01       		.byte	0x1
 845 0042 0B       		.uleb128 0xb
 846 0043 0B       		.uleb128 0xb
 847 0044 3A       		.uleb128 0x3a
 848 0045 0B       		.uleb128 0xb
 849 0046 3B       		.uleb128 0x3b
 850 0047 05       		.uleb128 0x5
 851 0048 01       		.uleb128 0x1
 852 0049 13       		.uleb128 0x13
 853 004a 00       		.byte	0
ARM GAS  /var/folders/pt/gxfsd_x53tx3h6kb8dkzftl80000gr/T//ccIqJBdD.s 			page 16


 854 004b 00       		.byte	0
 855 004c 07       		.uleb128 0x7
 856 004d 0D       		.uleb128 0xd
 857 004e 00       		.byte	0
 858 004f 03       		.uleb128 0x3
 859 0050 08       		.uleb128 0x8
 860 0051 3A       		.uleb128 0x3a
 861 0052 0B       		.uleb128 0xb
 862 0053 3B       		.uleb128 0x3b
 863 0054 05       		.uleb128 0x5
 864 0055 49       		.uleb128 0x49
 865 0056 13       		.uleb128 0x13
 866 0057 38       		.uleb128 0x38
 867 0058 0A       		.uleb128 0xa
 868 0059 00       		.byte	0
 869 005a 00       		.byte	0
 870 005b 08       		.uleb128 0x8
 871 005c 0D       		.uleb128 0xd
 872 005d 00       		.byte	0
 873 005e 03       		.uleb128 0x3
 874 005f 0E       		.uleb128 0xe
 875 0060 3A       		.uleb128 0x3a
 876 0061 0B       		.uleb128 0xb
 877 0062 3B       		.uleb128 0x3b
 878 0063 05       		.uleb128 0x5
 879 0064 49       		.uleb128 0x49
 880 0065 13       		.uleb128 0x13
 881 0066 38       		.uleb128 0x38
 882 0067 0A       		.uleb128 0xa
 883 0068 00       		.byte	0
 884 0069 00       		.byte	0
 885 006a 09       		.uleb128 0x9
 886 006b 16       		.uleb128 0x16
 887 006c 00       		.byte	0
 888 006d 03       		.uleb128 0x3
 889 006e 0E       		.uleb128 0xe
 890 006f 3A       		.uleb128 0x3a
 891 0070 0B       		.uleb128 0xb
 892 0071 3B       		.uleb128 0x3b
 893 0072 05       		.uleb128 0x5
 894 0073 49       		.uleb128 0x49
 895 0074 13       		.uleb128 0x13
 896 0075 00       		.byte	0
 897 0076 00       		.byte	0
 898 0077 0A       		.uleb128 0xa
 899 0078 13       		.uleb128 0x13
 900 0079 01       		.byte	0x1
 901 007a 0B       		.uleb128 0xb
 902 007b 0B       		.uleb128 0xb
 903 007c 3A       		.uleb128 0x3a
 904 007d 0B       		.uleb128 0xb
 905 007e 3B       		.uleb128 0x3b
 906 007f 0B       		.uleb128 0xb
 907 0080 01       		.uleb128 0x1
 908 0081 13       		.uleb128 0x13
 909 0082 00       		.byte	0
 910 0083 00       		.byte	0
ARM GAS  /var/folders/pt/gxfsd_x53tx3h6kb8dkzftl80000gr/T//ccIqJBdD.s 			page 17


 911 0084 0B       		.uleb128 0xb
 912 0085 0D       		.uleb128 0xd
 913 0086 00       		.byte	0
 914 0087 03       		.uleb128 0x3
 915 0088 08       		.uleb128 0x8
 916 0089 3A       		.uleb128 0x3a
 917 008a 0B       		.uleb128 0xb
 918 008b 3B       		.uleb128 0x3b
 919 008c 0B       		.uleb128 0xb
 920 008d 49       		.uleb128 0x49
 921 008e 13       		.uleb128 0x13
 922 008f 38       		.uleb128 0x38
 923 0090 0A       		.uleb128 0xa
 924 0091 00       		.byte	0
 925 0092 00       		.byte	0
 926 0093 0C       		.uleb128 0xc
 927 0094 0D       		.uleb128 0xd
 928 0095 00       		.byte	0
 929 0096 03       		.uleb128 0x3
 930 0097 0E       		.uleb128 0xe
 931 0098 3A       		.uleb128 0x3a
 932 0099 0B       		.uleb128 0xb
 933 009a 3B       		.uleb128 0x3b
 934 009b 0B       		.uleb128 0xb
 935 009c 49       		.uleb128 0x49
 936 009d 13       		.uleb128 0x13
 937 009e 38       		.uleb128 0x38
 938 009f 0A       		.uleb128 0xa
 939 00a0 00       		.byte	0
 940 00a1 00       		.byte	0
 941 00a2 0D       		.uleb128 0xd
 942 00a3 0F       		.uleb128 0xf
 943 00a4 00       		.byte	0
 944 00a5 0B       		.uleb128 0xb
 945 00a6 0B       		.uleb128 0xb
 946 00a7 49       		.uleb128 0x49
 947 00a8 13       		.uleb128 0x13
 948 00a9 00       		.byte	0
 949 00aa 00       		.byte	0
 950 00ab 0E       		.uleb128 0xe
 951 00ac 2E       		.uleb128 0x2e
 952 00ad 01       		.byte	0x1
 953 00ae 3F       		.uleb128 0x3f
 954 00af 0C       		.uleb128 0xc
 955 00b0 03       		.uleb128 0x3
 956 00b1 0E       		.uleb128 0xe
 957 00b2 3A       		.uleb128 0x3a
 958 00b3 0B       		.uleb128 0xb
 959 00b4 3B       		.uleb128 0x3b
 960 00b5 0B       		.uleb128 0xb
 961 00b6 27       		.uleb128 0x27
 962 00b7 0C       		.uleb128 0xc
 963 00b8 11       		.uleb128 0x11
 964 00b9 01       		.uleb128 0x1
 965 00ba 12       		.uleb128 0x12
 966 00bb 01       		.uleb128 0x1
 967 00bc 40       		.uleb128 0x40
ARM GAS  /var/folders/pt/gxfsd_x53tx3h6kb8dkzftl80000gr/T//ccIqJBdD.s 			page 18


 968 00bd 06       		.uleb128 0x6
 969 00be 9742     		.uleb128 0x2117
 970 00c0 0C       		.uleb128 0xc
 971 00c1 01       		.uleb128 0x1
 972 00c2 13       		.uleb128 0x13
 973 00c3 00       		.byte	0
 974 00c4 00       		.byte	0
 975 00c5 0F       		.uleb128 0xf
 976 00c6 05       		.uleb128 0x5
 977 00c7 00       		.byte	0
 978 00c8 03       		.uleb128 0x3
 979 00c9 0E       		.uleb128 0xe
 980 00ca 3A       		.uleb128 0x3a
 981 00cb 0B       		.uleb128 0xb
 982 00cc 3B       		.uleb128 0x3b
 983 00cd 0B       		.uleb128 0xb
 984 00ce 49       		.uleb128 0x49
 985 00cf 13       		.uleb128 0x13
 986 00d0 02       		.uleb128 0x2
 987 00d1 0A       		.uleb128 0xa
 988 00d2 00       		.byte	0
 989 00d3 00       		.byte	0
 990 00d4 10       		.uleb128 0x10
 991 00d5 26       		.uleb128 0x26
 992 00d6 00       		.byte	0
 993 00d7 49       		.uleb128 0x49
 994 00d8 13       		.uleb128 0x13
 995 00d9 00       		.byte	0
 996 00da 00       		.byte	0
 997 00db 11       		.uleb128 0x11
 998 00dc 05       		.uleb128 0x5
 999 00dd 00       		.byte	0
 1000 00de 03       		.uleb128 0x3
 1001 00df 0E       		.uleb128 0xe
 1002 00e0 3A       		.uleb128 0x3a
 1003 00e1 0B       		.uleb128 0xb
 1004 00e2 3B       		.uleb128 0x3b
 1005 00e3 0B       		.uleb128 0xb
 1006 00e4 49       		.uleb128 0x49
 1007 00e5 13       		.uleb128 0x13
 1008 00e6 02       		.uleb128 0x2
 1009 00e7 06       		.uleb128 0x6
 1010 00e8 00       		.byte	0
 1011 00e9 00       		.byte	0
 1012 00ea 12       		.uleb128 0x12
 1013 00eb 34       		.uleb128 0x34
 1014 00ec 00       		.byte	0
 1015 00ed 03       		.uleb128 0x3
 1016 00ee 0E       		.uleb128 0xe
 1017 00ef 3A       		.uleb128 0x3a
 1018 00f0 0B       		.uleb128 0xb
 1019 00f1 3B       		.uleb128 0x3b
 1020 00f2 0B       		.uleb128 0xb
 1021 00f3 49       		.uleb128 0x49
 1022 00f4 13       		.uleb128 0x13
 1023 00f5 02       		.uleb128 0x2
 1024 00f6 0A       		.uleb128 0xa
ARM GAS  /var/folders/pt/gxfsd_x53tx3h6kb8dkzftl80000gr/T//ccIqJBdD.s 			page 19


 1025 00f7 00       		.byte	0
 1026 00f8 00       		.byte	0
 1027 00f9 13       		.uleb128 0x13
 1028 00fa 34       		.uleb128 0x34
 1029 00fb 00       		.byte	0
 1030 00fc 03       		.uleb128 0x3
 1031 00fd 08       		.uleb128 0x8
 1032 00fe 3A       		.uleb128 0x3a
 1033 00ff 0B       		.uleb128 0xb
 1034 0100 3B       		.uleb128 0x3b
 1035 0101 0B       		.uleb128 0xb
 1036 0102 49       		.uleb128 0x49
 1037 0103 13       		.uleb128 0x13
 1038 0104 02       		.uleb128 0x2
 1039 0105 06       		.uleb128 0x6
 1040 0106 00       		.byte	0
 1041 0107 00       		.byte	0
 1042 0108 14       		.uleb128 0x14
 1043 0109 34       		.uleb128 0x34
 1044 010a 00       		.byte	0
 1045 010b 03       		.uleb128 0x3
 1046 010c 08       		.uleb128 0x8
 1047 010d 3A       		.uleb128 0x3a
 1048 010e 0B       		.uleb128 0xb
 1049 010f 3B       		.uleb128 0x3b
 1050 0110 0B       		.uleb128 0xb
 1051 0111 49       		.uleb128 0x49
 1052 0112 13       		.uleb128 0x13
 1053 0113 02       		.uleb128 0x2
 1054 0114 0A       		.uleb128 0xa
 1055 0115 00       		.byte	0
 1056 0116 00       		.byte	0
 1057 0117 15       		.uleb128 0x15
 1058 0118 01       		.uleb128 0x1
 1059 0119 01       		.byte	0x1
 1060 011a 49       		.uleb128 0x49
 1061 011b 13       		.uleb128 0x13
 1062 011c 01       		.uleb128 0x1
 1063 011d 13       		.uleb128 0x13
 1064 011e 00       		.byte	0
 1065 011f 00       		.byte	0
 1066 0120 16       		.uleb128 0x16
 1067 0121 21       		.uleb128 0x21
 1068 0122 00       		.byte	0
 1069 0123 49       		.uleb128 0x49
 1070 0124 13       		.uleb128 0x13
 1071 0125 2F       		.uleb128 0x2f
 1072 0126 0B       		.uleb128 0xb
 1073 0127 00       		.byte	0
 1074 0128 00       		.byte	0
 1075 0129 17       		.uleb128 0x17
 1076 012a 34       		.uleb128 0x34
 1077 012b 00       		.byte	0
 1078 012c 03       		.uleb128 0x3
 1079 012d 0E       		.uleb128 0xe
 1080 012e 3A       		.uleb128 0x3a
 1081 012f 0B       		.uleb128 0xb
ARM GAS  /var/folders/pt/gxfsd_x53tx3h6kb8dkzftl80000gr/T//ccIqJBdD.s 			page 20


 1082 0130 3B       		.uleb128 0x3b
 1083 0131 05       		.uleb128 0x5
 1084 0132 49       		.uleb128 0x49
 1085 0133 13       		.uleb128 0x13
 1086 0134 3F       		.uleb128 0x3f
 1087 0135 0C       		.uleb128 0xc
 1088 0136 3C       		.uleb128 0x3c
 1089 0137 0C       		.uleb128 0xc
 1090 0138 00       		.byte	0
 1091 0139 00       		.byte	0
 1092 013a 00       		.byte	0
 1093              		.section	.debug_loc,"",%progbits
 1094              	.Ldebug_loc0:
 1095              	.LLST0:
 1096 0000 00000000 		.4byte	.LFB63
 1097 0004 0C000000 		.4byte	.LCFI0
 1098 0008 0200     		.2byte	0x2
 1099 000a 7D       		.byte	0x7d
 1100 000b 00       		.sleb128 0
 1101 000c 0C000000 		.4byte	.LCFI0
 1102 0010 A6000000 		.4byte	.LFE63
 1103 0014 0200     		.2byte	0x2
 1104 0016 7D       		.byte	0x7d
 1105 0017 08       		.sleb128 8
 1106 0018 00000000 		.4byte	0
 1107 001c 00000000 		.4byte	0
 1108              	.LLST1:
 1109 0020 00000000 		.4byte	.LFB64
 1110 0024 04000000 		.4byte	.LCFI1
 1111 0028 0200     		.2byte	0x2
 1112 002a 7D       		.byte	0x7d
 1113 002b 00       		.sleb128 0
 1114 002c 04000000 		.4byte	.LCFI1
 1115 0030 5C000000 		.4byte	.LFE64
 1116 0034 0200     		.2byte	0x2
 1117 0036 7D       		.byte	0x7d
 1118 0037 10       		.sleb128 16
 1119 0038 00000000 		.4byte	0
 1120 003c 00000000 		.4byte	0
 1121              	.LLST2:
 1122 0040 00000000 		.4byte	.LVL1
 1123 0044 40000000 		.4byte	.LVL12
 1124 0048 0100     		.2byte	0x1
 1125 004a 51       		.byte	0x51
 1126 004b 40000000 		.4byte	.LVL12
 1127 004f 46000000 		.4byte	.LVL13
 1128 0053 0100     		.2byte	0x1
 1129 0055 51       		.byte	0x51
 1130 0056 00000000 		.4byte	0
 1131 005a 00000000 		.4byte	0
 1132              	.LLST3:
 1133 005e 00000000 		.4byte	.LVL1
 1134 0062 1C000000 		.4byte	.LVL3
 1135 0066 0100     		.2byte	0x1
 1136 0068 52       		.byte	0x52
 1137 0069 1C000000 		.4byte	.LVL3
 1138 006d 5C000000 		.4byte	.LFE64
ARM GAS  /var/folders/pt/gxfsd_x53tx3h6kb8dkzftl80000gr/T//ccIqJBdD.s 			page 21


 1139 0071 0400     		.2byte	0x4
 1140 0073 F3       		.byte	0xf3
 1141 0074 01       		.uleb128 0x1
 1142 0075 52       		.byte	0x52
 1143 0076 9F       		.byte	0x9f
 1144 0077 00000000 		.4byte	0
 1145 007b 00000000 		.4byte	0
 1146              	.LLST4:
 1147 007f 16000000 		.4byte	.LVL2
 1148 0083 1E000000 		.4byte	.LVL4
 1149 0087 0200     		.2byte	0x2
 1150 0089 30       		.byte	0x30
 1151 008a 9F       		.byte	0x9f
 1152 008b 24000000 		.4byte	.LVL6
 1153 008f 48000000 		.4byte	.LVL14
 1154 0093 0100     		.2byte	0x1
 1155 0095 55       		.byte	0x55
 1156 0096 00000000 		.4byte	0
 1157 009a 00000000 		.4byte	0
 1158              	.LLST5:
 1159 009e 16000000 		.4byte	.LVL2
 1160 00a2 1E000000 		.4byte	.LVL4
 1161 00a6 0200     		.2byte	0x2
 1162 00a8 30       		.byte	0x30
 1163 00a9 9F       		.byte	0x9f
 1164 00aa 22000000 		.4byte	.LVL5
 1165 00ae 50000000 		.4byte	.LVL16
 1166 00b2 0100     		.2byte	0x1
 1167 00b4 52       		.byte	0x52
 1168 00b5 00000000 		.4byte	0
 1169 00b9 00000000 		.4byte	0
 1170              	.LLST6:
 1171 00bd 16000000 		.4byte	.LVL2
 1172 00c1 1E000000 		.4byte	.LVL4
 1173 00c5 0200     		.2byte	0x2
 1174 00c7 30       		.byte	0x30
 1175 00c8 9F       		.byte	0x9f
 1176 00c9 26000000 		.4byte	.LVL7
 1177 00cd 4A000000 		.4byte	.LVL15
 1178 00d1 0100     		.2byte	0x1
 1179 00d3 54       		.byte	0x54
 1180 00d4 00000000 		.4byte	0
 1181 00d8 00000000 		.4byte	0
 1182              	.LLST7:
 1183 00dc 16000000 		.4byte	.LVL2
 1184 00e0 1E000000 		.4byte	.LVL4
 1185 00e4 0200     		.2byte	0x2
 1186 00e6 30       		.byte	0x30
 1187 00e7 9F       		.byte	0x9f
 1188 00e8 26000000 		.4byte	.LVL7
 1189 00ec 52000000 		.4byte	.LVL17
 1190 00f0 0100     		.2byte	0x1
 1191 00f2 53       		.byte	0x53
 1192 00f3 00000000 		.4byte	0
 1193 00f7 00000000 		.4byte	0
 1194              	.LLST8:
 1195 00fb 16000000 		.4byte	.LVL2
ARM GAS  /var/folders/pt/gxfsd_x53tx3h6kb8dkzftl80000gr/T//ccIqJBdD.s 			page 22


 1196 00ff 1E000000 		.4byte	.LVL4
 1197 0103 0200     		.2byte	0x2
 1198 0105 30       		.byte	0x30
 1199 0106 9F       		.byte	0x9f
 1200 0107 00000000 		.4byte	0
 1201 010b 00000000 		.4byte	0
 1202              		.section	.debug_aranges,"",%progbits
 1203 0000 24000000 		.4byte	0x24
 1204 0004 0200     		.2byte	0x2
 1205 0006 00000000 		.4byte	.Ldebug_info0
 1206 000a 04       		.byte	0x4
 1207 000b 00       		.byte	0
 1208 000c 0000     		.2byte	0
 1209 000e 0000     		.2byte	0
 1210 0010 00000000 		.4byte	.LFB63
 1211 0014 A6000000 		.4byte	.LFE63-.LFB63
 1212 0018 00000000 		.4byte	.LFB64
 1213 001c 5C000000 		.4byte	.LFE64-.LFB64
 1214 0020 00000000 		.4byte	0
 1215 0024 00000000 		.4byte	0
 1216              		.section	.debug_ranges,"",%progbits
 1217              	.Ldebug_ranges0:
 1218 0000 00000000 		.4byte	.LFB63
 1219 0004 A6000000 		.4byte	.LFE63
 1220 0008 00000000 		.4byte	.LFB64
 1221 000c 5C000000 		.4byte	.LFE64
 1222 0010 00000000 		.4byte	0
 1223 0014 00000000 		.4byte	0
 1224              		.section	.debug_line,"",%progbits
 1225              	.Ldebug_line0:
 1226 0000 E9010000 		.section	.debug_str,"MS",%progbits,1
 1226      02006301 
 1226      00000201 
 1226      FB0E0D00 
 1226      01010101 
 1227              	.LASF17:
 1228 0000 4750494F 		.ascii	"GPIO_TypeDef\000"
 1228      5F547970 
 1228      65446566 
 1228      00
 1229              	.LASF29:
 1230 000d 50434461 		.ascii	"PCData\000"
 1230      746100
 1231              	.LASF25:
 1232 0014 5243435F 		.ascii	"RCC_TypeDef\000"
 1232      54797065 
 1232      44656600 
 1233              	.LASF39:
 1234 0020 5F70616C 		.ascii	"_pal_lld_setgroupmode\000"
 1234      5F6C6C64 
 1234      5F736574 
 1234      67726F75 
 1234      706D6F64 
 1235              	.LASF38:
 1236 0036 5F70616C 		.ascii	"_pal_lld_init\000"
 1236      5F6C6C64 
 1236      5F696E69 
ARM GAS  /var/folders/pt/gxfsd_x53tx3h6kb8dkzftl80000gr/T//ccIqJBdD.s 			page 23


 1236      7400
 1237              	.LASF32:
 1238 0044 50464461 		.ascii	"PFData\000"
 1238      746100
 1239              	.LASF3:
 1240 004b 73686F72 		.ascii	"short int\000"
 1240      7420696E 
 1240      7400
 1241              	.LASF13:
 1242 0055 73697A65 		.ascii	"sizetype\000"
 1242      74797065 
 1242      00
 1243              	.LASF24:
 1244 005e 42444352 		.ascii	"BDCR\000"
 1244      00
 1245              	.LASF10:
 1246 0063 6C6F6E67 		.ascii	"long long int\000"
 1246      206C6F6E 
 1246      6720696E 
 1246      7400
 1247              	.LASF20:
 1248 0071 41504231 		.ascii	"APB1RSTR\000"
 1248      52535452 
 1248      00
 1249              	.LASF43:
 1250 007a 6D6F6465 		.ascii	"mode\000"
 1250      00
 1251              	.LASF15:
 1252 007f 42535252 		.ascii	"BSRR\000"
 1252      00
 1253              	.LASF40:
 1254 0084 636F6E66 		.ascii	"config\000"
 1254      696700
 1255              	.LASF36:
 1256 008b 696F6D6F 		.ascii	"iomode_t\000"
 1256      64655F74 
 1256      00
 1257              	.LASF5:
 1258 0094 75696E74 		.ascii	"uint8_t\000"
 1258      385F7400 
 1259              	.LASF23:
 1260 009c 41504231 		.ascii	"APB1ENR\000"
 1260      454E5200 
 1261              	.LASF35:
 1262 00a4 696F706F 		.ascii	"ioportmask_t\000"
 1262      72746D61 
 1262      736B5F74 
 1262      00
 1263              	.LASF1:
 1264 00b1 7369676E 		.ascii	"signed char\000"
 1264      65642063 
 1264      68617200 
 1265              	.LASF27:
 1266 00bd 50414461 		.ascii	"PAData\000"
 1266      746100
 1267              	.LASF46:
 1268 00c4 636F6E76 		.ascii	"convex/ChibiOS_2.6.2/os/hal/platforms/STM32/GPIOv1/"
ARM GAS  /var/folders/pt/gxfsd_x53tx3h6kb8dkzftl80000gr/T//ccIqJBdD.s 			page 24


 1268      65782F43 
 1268      68696269 
 1268      4F535F32 
 1268      2E362E32 
 1269 00f7 70616C5F 		.ascii	"pal_lld.c\000"
 1269      6C6C642E 
 1269      6300
 1270              	.LASF7:
 1271 0101 6C6F6E67 		.ascii	"long int\000"
 1271      20696E74 
 1271      00
 1272              	.LASF30:
 1273 010a 50444461 		.ascii	"PDData\000"
 1273      746100
 1274              	.LASF47:
 1275 0111 2F557365 		.ascii	"/Users/programmer/git/Prototypes/Jaws\000"
 1275      72732F70 
 1275      726F6772 
 1275      616D6D65 
 1275      722F6769 
 1276              	.LASF19:
 1277 0137 41504232 		.ascii	"APB2RSTR\000"
 1277      52535452 
 1277      00
 1278              	.LASF33:
 1279 0140 50474461 		.ascii	"PGData\000"
 1279      746100
 1280              	.LASF21:
 1281 0147 41484245 		.ascii	"AHBENR\000"
 1281      4E5200
 1282              	.LASF37:
 1283 014e 696F706F 		.ascii	"ioportid_t\000"
 1283      72746964 
 1283      5F7400
 1284              	.LASF44:
 1285 0159 63666774 		.ascii	"cfgtab\000"
 1285      616200
 1286              	.LASF2:
 1287 0160 756E7369 		.ascii	"unsigned char\000"
 1287      676E6564 
 1287      20636861 
 1287      7200
 1288              	.LASF22:
 1289 016e 41504232 		.ascii	"APB2ENR\000"
 1289      454E5200 
 1290              	.LASF11:
 1291 0176 6C6F6E67 		.ascii	"long long unsigned int\000"
 1291      206C6F6E 
 1291      6720756E 
 1291      7369676E 
 1291      65642069 
 1292              	.LASF8:
 1293 018d 75696E74 		.ascii	"uint32_t\000"
 1293      33325F74 
 1293      00
 1294              	.LASF0:
 1295 0196 756E7369 		.ascii	"unsigned int\000"
ARM GAS  /var/folders/pt/gxfsd_x53tx3h6kb8dkzftl80000gr/T//ccIqJBdD.s 			page 25


 1295      676E6564 
 1295      20696E74 
 1295      00
 1296              	.LASF45:
 1297 01a3 474E5520 		.ascii	"GNU C 4.7.2\000"
 1297      4320342E 
 1297      372E3200 
 1298              	.LASF26:
 1299 01af 73746D33 		.ascii	"stm32_gpio_setup_t\000"
 1299      325F6770 
 1299      696F5F73 
 1299      65747570 
 1299      5F7400
 1300              	.LASF4:
 1301 01c2 73686F72 		.ascii	"short unsigned int\000"
 1301      7420756E 
 1301      7369676E 
 1301      65642069 
 1301      6E7400
 1302              	.LASF14:
 1303 01d5 63686172 		.ascii	"char\000"
 1303      00
 1304              	.LASF6:
 1305 01da 696E7433 		.ascii	"int32_t\000"
 1305      325F7400 
 1306              	.LASF34:
 1307 01e2 50414C43 		.ascii	"PALConfig\000"
 1307      6F6E6669 
 1307      6700
 1308              	.LASF12:
 1309 01ec 5F426F6F 		.ascii	"_Bool\000"
 1309      6C00
 1310              	.LASF31:
 1311 01f2 50454461 		.ascii	"PEData\000"
 1311      746100
 1312              	.LASF41:
 1313 01f9 706F7274 		.ascii	"port\000"
 1313      00
 1314              	.LASF9:
 1315 01fe 6C6F6E67 		.ascii	"long unsigned int\000"
 1315      20756E73 
 1315      69676E65 
 1315      6420696E 
 1315      7400
 1316              	.LASF42:
 1317 0210 6D61736B 		.ascii	"mask\000"
 1317      00
 1318              	.LASF48:
 1319 0215 49544D5F 		.ascii	"ITM_RxBuffer\000"
 1319      52784275 
 1319      66666572 
 1319      00
 1320              	.LASF28:
 1321 0222 50424461 		.ascii	"PBData\000"
 1321      746100
 1322              	.LASF18:
 1323 0229 43464752 		.ascii	"CFGR\000"
ARM GAS  /var/folders/pt/gxfsd_x53tx3h6kb8dkzftl80000gr/T//ccIqJBdD.s 			page 26


 1323      00
 1324              	.LASF16:
 1325 022e 4C434B52 		.ascii	"LCKR\000"
 1325      00
 1326              		.ident	"GCC: (GNU) 4.7.2"
ARM GAS  /var/folders/pt/gxfsd_x53tx3h6kb8dkzftl80000gr/T//ccIqJBdD.s 			page 27


DEFINED SYMBOLS
                            *ABS*:0000000000000000 pal_lld.c
/var/folders/pt/gxfsd_x53tx3h6kb8dkzftl80000gr/T//ccIqJBdD.s:19     .text._pal_lld_init:0000000000000000 $t
/var/folders/pt/gxfsd_x53tx3h6kb8dkzftl80000gr/T//ccIqJBdD.s:25     .text._pal_lld_init:0000000000000000 _pal_lld_init
/var/folders/pt/gxfsd_x53tx3h6kb8dkzftl80000gr/T//ccIqJBdD.s:156    .text._pal_lld_setgroupmode:0000000000000000 $t
/var/folders/pt/gxfsd_x53tx3h6kb8dkzftl80000gr/T//ccIqJBdD.s:162    .text._pal_lld_setgroupmode:0000000000000000 _pal_lld_setgroupmode
/var/folders/pt/gxfsd_x53tx3h6kb8dkzftl80000gr/T//ccIqJBdD.s:262    .text._pal_lld_setgroupmode:0000000000000058 $d
/var/folders/pt/gxfsd_x53tx3h6kb8dkzftl80000gr/T//ccIqJBdD.s:267    .rodata.cfgtab.6484:0000000000000000 $d
/var/folders/pt/gxfsd_x53tx3h6kb8dkzftl80000gr/T//ccIqJBdD.s:271    .rodata.cfgtab.6484:0000000000000000 cfgtab.6484
                     .debug_frame:0000000000000010 $d
/var/folders/pt/gxfsd_x53tx3h6kb8dkzftl80000gr/T//ccIqJBdD.s:266    .text._pal_lld_setgroupmode:000000000000005c $t

NO UNDEFINED SYMBOLS
