ARM GAS  /var/folders/pt/gxfsd_x53tx3h6kb8dkzftl80000gr/T//ccdDH6Wf.s 			page 1


   1              		.syntax unified
   2              		.cpu cortex-m3
   3              		.fpu softvfp
   4              		.eabi_attribute 20, 1
   5              		.eabi_attribute 21, 1
   6              		.eabi_attribute 23, 3
   7              		.eabi_attribute 24, 1
   8              		.eabi_attribute 25, 1
   9              		.eabi_attribute 26, 1
  10              		.eabi_attribute 30, 2
  11              		.eabi_attribute 34, 1
  12              		.eabi_attribute 18, 4
  13              		.thumb
  14              		.file	"vectors.c"
  15              		.text
  16              	.Ltext0:
  17              		.cfi_sections	.debug_frame
  18              		.section	.text._unhandled_exception,"ax",%progbits
  19              		.align	2
  20              		.p2align 4,,15
  21              		.global	_unhandled_exception
  22              		.thumb
  23              		.thumb_func
  24              		.type	_unhandled_exception, %function
  25              	_unhandled_exception:
  26              	.LFB7:
  27              		.file 1 "convex/ChibiOS_2.6.2/os/ports/GCC/ARMCMx/STM32F1xx/vectors.c"
  28              		.loc 1 241 0
  29              		.cfi_startproc
  30              		@ Naked Function: prologue and epilogue provided by programmer.
  31              		@ Volatile: function does not return.
  32              		@ args = 0, pretend = 0, frame = 0
  33              		@ frame_needed = 0, uses_anonymous_args = 0
  34              	.L2:
  35 0000 FEE7     		b	.L2
  36              		.cfi_endproc
  37              	.LFE7:
  38              		.size	_unhandled_exception, .-_unhandled_exception
  39              		.weak	HardFaultVector
  40              		.thumb_set HardFaultVector,_unhandled_exception
  41              		.weak	MemManageVector
  42              		.thumb_set MemManageVector,_unhandled_exception
  43              		.weak	BusFaultVector
  44              		.thumb_set BusFaultVector,_unhandled_exception
  45              		.weak	UsageFaultVector
  46              		.thumb_set UsageFaultVector,_unhandled_exception
  47              		.weak	Vector1C
  48              		.thumb_set Vector1C,_unhandled_exception
  49              		.weak	Vector20
  50              		.thumb_set Vector20,_unhandled_exception
  51              		.weak	Vector24
  52              		.thumb_set Vector24,_unhandled_exception
  53              		.weak	Vector28
  54              		.thumb_set Vector28,_unhandled_exception
  55              		.weak	SVCallVector
  56              		.thumb_set SVCallVector,_unhandled_exception
  57              		.weak	DebugMonitorVector
ARM GAS  /var/folders/pt/gxfsd_x53tx3h6kb8dkzftl80000gr/T//ccdDH6Wf.s 			page 2


  58              		.thumb_set DebugMonitorVector,_unhandled_exception
  59              		.weak	Vector34
  60              		.thumb_set Vector34,_unhandled_exception
  61              		.weak	PendSVVector
  62              		.thumb_set PendSVVector,_unhandled_exception
  63              		.weak	SysTickVector
  64              		.thumb_set SysTickVector,_unhandled_exception
  65              		.weak	Vector40
  66              		.thumb_set Vector40,_unhandled_exception
  67              		.weak	Vector44
  68              		.thumb_set Vector44,_unhandled_exception
  69              		.weak	Vector48
  70              		.thumb_set Vector48,_unhandled_exception
  71              		.weak	Vector4C
  72              		.thumb_set Vector4C,_unhandled_exception
  73              		.weak	Vector50
  74              		.thumb_set Vector50,_unhandled_exception
  75              		.weak	Vector54
  76              		.thumb_set Vector54,_unhandled_exception
  77              		.weak	Vector58
  78              		.thumb_set Vector58,_unhandled_exception
  79              		.weak	Vector5C
  80              		.thumb_set Vector5C,_unhandled_exception
  81              		.weak	Vector60
  82              		.thumb_set Vector60,_unhandled_exception
  83              		.weak	Vector64
  84              		.thumb_set Vector64,_unhandled_exception
  85              		.weak	Vector68
  86              		.thumb_set Vector68,_unhandled_exception
  87              		.weak	Vector6C
  88              		.thumb_set Vector6C,_unhandled_exception
  89              		.weak	Vector70
  90              		.thumb_set Vector70,_unhandled_exception
  91              		.weak	Vector74
  92              		.thumb_set Vector74,_unhandled_exception
  93              		.weak	Vector78
  94              		.thumb_set Vector78,_unhandled_exception
  95              		.weak	Vector7C
  96              		.thumb_set Vector7C,_unhandled_exception
  97              		.weak	Vector80
  98              		.thumb_set Vector80,_unhandled_exception
  99              		.weak	Vector84
 100              		.thumb_set Vector84,_unhandled_exception
 101              		.weak	Vector88
 102              		.thumb_set Vector88,_unhandled_exception
 103              		.weak	Vector8C
 104              		.thumb_set Vector8C,_unhandled_exception
 105              		.weak	Vector90
 106              		.thumb_set Vector90,_unhandled_exception
 107              		.weak	Vector94
 108              		.thumb_set Vector94,_unhandled_exception
 109              		.weak	Vector98
 110              		.thumb_set Vector98,_unhandled_exception
 111              		.weak	Vector9C
 112              		.thumb_set Vector9C,_unhandled_exception
 113              		.weak	VectorA0
 114              		.thumb_set VectorA0,_unhandled_exception
ARM GAS  /var/folders/pt/gxfsd_x53tx3h6kb8dkzftl80000gr/T//ccdDH6Wf.s 			page 3


 115              		.weak	VectorA4
 116              		.thumb_set VectorA4,_unhandled_exception
 117              		.weak	VectorA8
 118              		.thumb_set VectorA8,_unhandled_exception
 119              		.weak	VectorAC
 120              		.thumb_set VectorAC,_unhandled_exception
 121              		.weak	VectorB0
 122              		.thumb_set VectorB0,_unhandled_exception
 123              		.weak	VectorB4
 124              		.thumb_set VectorB4,_unhandled_exception
 125              		.weak	VectorB8
 126              		.thumb_set VectorB8,_unhandled_exception
 127              		.weak	VectorBC
 128              		.thumb_set VectorBC,_unhandled_exception
 129              		.weak	VectorC0
 130              		.thumb_set VectorC0,_unhandled_exception
 131              		.weak	VectorC4
 132              		.thumb_set VectorC4,_unhandled_exception
 133              		.weak	VectorC8
 134              		.thumb_set VectorC8,_unhandled_exception
 135              		.weak	VectorCC
 136              		.thumb_set VectorCC,_unhandled_exception
 137              		.weak	VectorD0
 138              		.thumb_set VectorD0,_unhandled_exception
 139              		.weak	VectorD4
 140              		.thumb_set VectorD4,_unhandled_exception
 141              		.weak	VectorD8
 142              		.thumb_set VectorD8,_unhandled_exception
 143              		.weak	VectorDC
 144              		.thumb_set VectorDC,_unhandled_exception
 145              		.weak	VectorE0
 146              		.thumb_set VectorE0,_unhandled_exception
 147              		.weak	VectorE4
 148              		.thumb_set VectorE4,_unhandled_exception
 149              		.weak	VectorE8
 150              		.thumb_set VectorE8,_unhandled_exception
 151              		.weak	VectorEC
 152              		.thumb_set VectorEC,_unhandled_exception
 153              		.weak	VectorF0
 154              		.thumb_set VectorF0,_unhandled_exception
 155              		.weak	VectorF4
 156              		.thumb_set VectorF4,_unhandled_exception
 157              		.weak	VectorF8
 158              		.thumb_set VectorF8,_unhandled_exception
 159              		.weak	VectorFC
 160              		.thumb_set VectorFC,_unhandled_exception
 161              		.weak	Vector100
 162              		.thumb_set Vector100,_unhandled_exception
 163              		.weak	Vector104
 164              		.thumb_set Vector104,_unhandled_exception
 165              		.weak	Vector108
 166              		.thumb_set Vector108,_unhandled_exception
 167              		.weak	Vector10C
 168              		.thumb_set Vector10C,_unhandled_exception
 169              		.weak	Vector110
 170              		.thumb_set Vector110,_unhandled_exception
 171              		.weak	Vector114
ARM GAS  /var/folders/pt/gxfsd_x53tx3h6kb8dkzftl80000gr/T//ccdDH6Wf.s 			page 4


 172              		.thumb_set Vector114,_unhandled_exception
 173              		.weak	Vector118
 174              		.thumb_set Vector118,_unhandled_exception
 175              		.weak	Vector11C
 176              		.thumb_set Vector11C,_unhandled_exception
 177              		.weak	Vector120
 178              		.thumb_set Vector120,_unhandled_exception
 179              		.weak	Vector124
 180              		.thumb_set Vector124,_unhandled_exception
 181              		.weak	Vector128
 182              		.thumb_set Vector128,_unhandled_exception
 183              		.weak	Vector12C
 184              		.thumb_set Vector12C,_unhandled_exception
 185              		.weak	NMIVector
 186              		.thumb_set NMIVector,_unhandled_exception
 187              		.global	_vectors
 188 0002 00BFAFF3 		.section	vectors,"aw",%progbits
 188      0080AFF3 
 188      0080AFF3 
 188      0080
 189              		.align	2
 190              		.type	_vectors, %object
 191              		.size	_vectors, 304
 192              	_vectors:
 193 0000 00000000 		.word	__main_stack_end__
 194 0004 00000000 		.word	ResetHandler
 195 0008 00000000 		.word	NMIVector
 196 000c 00000000 		.word	HardFaultVector
 197 0010 00000000 		.word	MemManageVector
 198 0014 00000000 		.word	BusFaultVector
 199 0018 00000000 		.word	UsageFaultVector
 200 001c 00000000 		.word	Vector1C
 201 0020 00000000 		.word	Vector20
 202 0024 00000000 		.word	Vector24
 203 0028 00000000 		.word	Vector28
 204 002c 00000000 		.word	SVCallVector
 205 0030 00000000 		.word	DebugMonitorVector
 206 0034 00000000 		.word	Vector34
 207 0038 00000000 		.word	PendSVVector
 208 003c 00000000 		.word	SysTickVector
 209 0040 00000000 		.word	Vector40
 210 0044 00000000 		.word	Vector44
 211 0048 00000000 		.word	Vector48
 212 004c 00000000 		.word	Vector4C
 213 0050 00000000 		.word	Vector50
 214 0054 00000000 		.word	Vector54
 215 0058 00000000 		.word	Vector58
 216 005c 00000000 		.word	Vector5C
 217 0060 00000000 		.word	Vector60
 218 0064 00000000 		.word	Vector64
 219 0068 00000000 		.word	Vector68
 220 006c 00000000 		.word	Vector6C
 221 0070 00000000 		.word	Vector70
 222 0074 00000000 		.word	Vector74
 223 0078 00000000 		.word	Vector78
 224 007c 00000000 		.word	Vector7C
 225 0080 00000000 		.word	Vector80
ARM GAS  /var/folders/pt/gxfsd_x53tx3h6kb8dkzftl80000gr/T//ccdDH6Wf.s 			page 5


 226 0084 00000000 		.word	Vector84
 227 0088 00000000 		.word	Vector88
 228 008c 00000000 		.word	Vector8C
 229 0090 00000000 		.word	Vector90
 230 0094 00000000 		.word	Vector94
 231 0098 00000000 		.word	Vector98
 232 009c 00000000 		.word	Vector9C
 233 00a0 00000000 		.word	VectorA0
 234 00a4 00000000 		.word	VectorA4
 235 00a8 00000000 		.word	VectorA8
 236 00ac 00000000 		.word	VectorAC
 237 00b0 00000000 		.word	VectorB0
 238 00b4 00000000 		.word	VectorB4
 239 00b8 00000000 		.word	VectorB8
 240 00bc 00000000 		.word	VectorBC
 241 00c0 00000000 		.word	VectorC0
 242 00c4 00000000 		.word	VectorC4
 243 00c8 00000000 		.word	VectorC8
 244 00cc 00000000 		.word	VectorCC
 245 00d0 00000000 		.word	VectorD0
 246 00d4 00000000 		.word	VectorD4
 247 00d8 00000000 		.word	VectorD8
 248 00dc 00000000 		.word	VectorDC
 249 00e0 00000000 		.word	VectorE0
 250 00e4 00000000 		.word	VectorE4
 251 00e8 00000000 		.word	VectorE8
 252 00ec 00000000 		.word	VectorEC
 253 00f0 00000000 		.word	VectorF0
 254 00f4 00000000 		.word	VectorF4
 255 00f8 00000000 		.word	VectorF8
 256 00fc 00000000 		.word	VectorFC
 257 0100 00000000 		.word	Vector100
 258 0104 00000000 		.word	Vector104
 259 0108 00000000 		.word	Vector108
 260 010c 00000000 		.word	Vector10C
 261 0110 00000000 		.word	Vector110
 262 0114 00000000 		.word	Vector114
 263 0118 00000000 		.word	Vector118
 264 011c 00000000 		.word	Vector11C
 265 0120 00000000 		.word	Vector120
 266 0124 00000000 		.word	Vector124
 267 0128 00000000 		.word	Vector128
 268 012c 00000000 		.word	Vector12C
 269              		.text
 270              	.Letext0:
 271              		.file 2 "/Users/programmer/ConVEX/yagarto-4.7.2/bin/../lib/gcc/arm-none-eabi/4.7.2/../../../../arm
 272              		.section	.debug_info,"",%progbits
 273              	.Ldebug_info0:
 274 0000 EC010000 		.4byte	0x1ec
 275 0004 0200     		.2byte	0x2
 276 0006 00000000 		.4byte	.Ldebug_abbrev0
 277 000a 04       		.byte	0x4
 278 000b 01       		.uleb128 0x1
 279 000c 9F010000 		.4byte	.LASF34
 280 0010 01       		.byte	0x1
 281 0011 09000000 		.4byte	.LASF35
 282 0015 BA000000 		.4byte	.LASF36
ARM GAS  /var/folders/pt/gxfsd_x53tx3h6kb8dkzftl80000gr/T//ccdDH6Wf.s 			page 6


 283 0019 00000000 		.4byte	.Ldebug_ranges0+0
 284 001d 00000000 		.4byte	0
 285 0021 00000000 		.4byte	0
 286 0025 00000000 		.4byte	.Ldebug_line0
 287 0029 02       		.uleb128 0x2
 288 002a 04       		.byte	0x4
 289 002b 05       		.byte	0x5
 290 002c 696E7400 		.ascii	"int\000"
 291 0030 03       		.uleb128 0x3
 292 0031 04       		.byte	0x4
 293 0032 07       		.byte	0x7
 294 0033 EF000000 		.4byte	.LASF0
 295 0037 03       		.uleb128 0x3
 296 0038 01       		.byte	0x1
 297 0039 06       		.byte	0x6
 298 003a F1010000 		.4byte	.LASF1
 299 003e 03       		.uleb128 0x3
 300 003f 01       		.byte	0x1
 301 0040 08       		.byte	0x8
 302 0041 87000000 		.4byte	.LASF2
 303 0045 03       		.uleb128 0x3
 304 0046 02       		.byte	0x2
 305 0047 05       		.byte	0x5
 306 0048 C8010000 		.4byte	.LASF3
 307 004c 03       		.uleb128 0x3
 308 004d 02       		.byte	0x2
 309 004e 07       		.byte	0x7
 310 004f A7000000 		.4byte	.LASF4
 311 0053 03       		.uleb128 0x3
 312 0054 04       		.byte	0x4
 313 0055 05       		.byte	0x5
 314 0056 E8010000 		.4byte	.LASF5
 315 005a 04       		.uleb128 0x4
 316 005b DF010000 		.4byte	.LASF12
 317 005f 02       		.byte	0x2
 318 0060 50       		.byte	0x50
 319 0061 65000000 		.4byte	0x65
 320 0065 03       		.uleb128 0x3
 321 0066 04       		.byte	0x4
 322 0067 07       		.byte	0x7
 323 0068 95000000 		.4byte	.LASF6
 324 006c 03       		.uleb128 0x3
 325 006d 08       		.byte	0x8
 326 006e 05       		.byte	0x5
 327 006f 7B010000 		.4byte	.LASF7
 328 0073 03       		.uleb128 0x3
 329 0074 08       		.byte	0x8
 330 0075 07       		.byte	0x7
 331 0076 07010000 		.4byte	.LASF8
 332 007a 03       		.uleb128 0x3
 333 007b 01       		.byte	0x1
 334 007c 02       		.byte	0x2
 335 007d 1A020000 		.4byte	.LASF9
 336 0081 03       		.uleb128 0x3
 337 0082 04       		.byte	0x4
 338 0083 07       		.byte	0x7
 339 0084 53010000 		.4byte	.LASF10
ARM GAS  /var/folders/pt/gxfsd_x53tx3h6kb8dkzftl80000gr/T//ccdDH6Wf.s 			page 7


 340 0088 03       		.uleb128 0x3
 341 0089 01       		.byte	0x1
 342 008a 08       		.byte	0x8
 343 008b 89010000 		.4byte	.LASF11
 344 008f 04       		.uleb128 0x4
 345 0090 46000000 		.4byte	.LASF13
 346 0094 01       		.byte	0x1
 347 0095 48       		.byte	0x48
 348 0096 9A000000 		.4byte	0x9a
 349 009a 05       		.uleb128 0x5
 350 009b 04       		.byte	0x4
 351 009c A0000000 		.4byte	0xa0
 352 00a0 06       		.uleb128 0x6
 353 00a1 01       		.byte	0x1
 354 00a2 07       		.uleb128 0x7
 355 00a3 3001     		.2byte	0x130
 356 00a5 01       		.byte	0x1
 357 00a6 4D       		.byte	0x4d
 358 00a7 9A010000 		.4byte	0x19a
 359 00ab 08       		.uleb128 0x8
 360 00ac 6E000000 		.4byte	.LASF14
 361 00b0 01       		.byte	0x1
 362 00b1 4E       		.byte	0x4e
 363 00b2 9A010000 		.4byte	0x19a
 364 00b6 02       		.byte	0x2
 365 00b7 23       		.byte	0x23
 366 00b8 00       		.uleb128 0
 367 00b9 08       		.uleb128 0x8
 368 00ba D2010000 		.4byte	.LASF15
 369 00be 01       		.byte	0x1
 370 00bf 4F       		.byte	0x4f
 371 00c0 8F000000 		.4byte	0x8f
 372 00c4 02       		.byte	0x2
 373 00c5 23       		.byte	0x23
 374 00c6 04       		.uleb128 0x4
 375 00c7 08       		.uleb128 0x8
 376 00c8 FC000000 		.4byte	.LASF16
 377 00cc 01       		.byte	0x1
 378 00cd 50       		.byte	0x50
 379 00ce 8F000000 		.4byte	0x8f
 380 00d2 02       		.byte	0x2
 381 00d3 23       		.byte	0x23
 382 00d4 08       		.uleb128 0x8
 383 00d5 08       		.uleb128 0x8
 384 00d6 6A010000 		.4byte	.LASF17
 385 00da 01       		.byte	0x1
 386 00db 51       		.byte	0x51
 387 00dc 8F000000 		.4byte	0x8f
 388 00e0 02       		.byte	0x2
 389 00e1 23       		.byte	0x23
 390 00e2 0C       		.uleb128 0xc
 391 00e3 08       		.uleb128 0x8
 392 00e4 8E010000 		.4byte	.LASF18
 393 00e8 01       		.byte	0x1
 394 00e9 52       		.byte	0x52
 395 00ea 8F000000 		.4byte	0x8f
 396 00ee 02       		.byte	0x2
ARM GAS  /var/folders/pt/gxfsd_x53tx3h6kb8dkzftl80000gr/T//ccdDH6Wf.s 			page 8


 397 00ef 23       		.byte	0x23
 398 00f0 10       		.uleb128 0x10
 399 00f1 08       		.uleb128 0x8
 400 00f2 1E010000 		.4byte	.LASF19
 401 00f6 01       		.byte	0x1
 402 00f7 53       		.byte	0x53
 403 00f8 8F000000 		.4byte	0x8f
 404 00fc 02       		.byte	0x2
 405 00fd 23       		.byte	0x23
 406 00fe 14       		.uleb128 0x14
 407 00ff 08       		.uleb128 0x8
 408 0100 37010000 		.4byte	.LASF20
 409 0104 01       		.byte	0x1
 410 0105 54       		.byte	0x54
 411 0106 8F000000 		.4byte	0x8f
 412 010a 02       		.byte	0x2
 413 010b 23       		.byte	0x23
 414 010c 18       		.uleb128 0x18
 415 010d 08       		.uleb128 0x8
 416 010e 65000000 		.4byte	.LASF21
 417 0112 01       		.byte	0x1
 418 0113 55       		.byte	0x55
 419 0114 8F000000 		.4byte	0x8f
 420 0118 02       		.byte	0x2
 421 0119 23       		.byte	0x23
 422 011a 1C       		.uleb128 0x1c
 423 011b 08       		.uleb128 0x8
 424 011c 11020000 		.4byte	.LASF22
 425 0120 01       		.byte	0x1
 426 0121 56       		.byte	0x56
 427 0122 8F000000 		.4byte	0x8f
 428 0126 02       		.byte	0x2
 429 0127 23       		.byte	0x23
 430 0128 20       		.uleb128 0x20
 431 0129 08       		.uleb128 0x8
 432 012a 00000000 		.4byte	.LASF23
 433 012e 01       		.byte	0x1
 434 012f 57       		.byte	0x57
 435 0130 8F000000 		.4byte	0x8f
 436 0134 02       		.byte	0x2
 437 0135 23       		.byte	0x23
 438 0136 24       		.uleb128 0x24
 439 0137 08       		.uleb128 0x8
 440 0138 2E010000 		.4byte	.LASF24
 441 013c 01       		.byte	0x1
 442 013d 58       		.byte	0x58
 443 013e 8F000000 		.4byte	0x8f
 444 0142 02       		.byte	0x2
 445 0143 23       		.byte	0x23
 446 0144 28       		.uleb128 0x28
 447 0145 08       		.uleb128 0x8
 448 0146 79000000 		.4byte	.LASF25
 449 014a 01       		.byte	0x1
 450 014b 59       		.byte	0x59
 451 014c 8F000000 		.4byte	0x8f
 452 0150 02       		.byte	0x2
 453 0151 23       		.byte	0x23
ARM GAS  /var/folders/pt/gxfsd_x53tx3h6kb8dkzftl80000gr/T//ccdDH6Wf.s 			page 9


 454 0152 2C       		.uleb128 0x2c
 455 0153 08       		.uleb128 0x8
 456 0154 FD010000 		.4byte	.LASF26
 457 0158 01       		.byte	0x1
 458 0159 5A       		.byte	0x5a
 459 015a 8F000000 		.4byte	0x8f
 460 015e 02       		.byte	0x2
 461 015f 23       		.byte	0x23
 462 0160 30       		.uleb128 0x30
 463 0161 08       		.uleb128 0x8
 464 0162 53000000 		.4byte	.LASF27
 465 0166 01       		.byte	0x1
 466 0167 5B       		.byte	0x5b
 467 0168 8F000000 		.4byte	0x8f
 468 016c 02       		.byte	0x2
 469 016d 23       		.byte	0x23
 470 016e 34       		.uleb128 0x34
 471 016f 08       		.uleb128 0x8
 472 0170 5C010000 		.4byte	.LASF28
 473 0174 01       		.byte	0x1
 474 0175 5C       		.byte	0x5c
 475 0176 8F000000 		.4byte	0x8f
 476 017a 02       		.byte	0x2
 477 017b 23       		.byte	0x23
 478 017c 38       		.uleb128 0x38
 479 017d 08       		.uleb128 0x8
 480 017e E0000000 		.4byte	.LASF29
 481 0182 01       		.byte	0x1
 482 0183 5D       		.byte	0x5d
 483 0184 8F000000 		.4byte	0x8f
 484 0188 02       		.byte	0x2
 485 0189 23       		.byte	0x23
 486 018a 3C       		.uleb128 0x3c
 487 018b 08       		.uleb128 0x8
 488 018c C0010000 		.4byte	.LASF30
 489 0190 01       		.byte	0x1
 490 0191 5E       		.byte	0x5e
 491 0192 A0010000 		.4byte	0x1a0
 492 0196 02       		.byte	0x2
 493 0197 23       		.byte	0x23
 494 0198 40       		.uleb128 0x40
 495 0199 00       		.byte	0
 496 019a 05       		.uleb128 0x5
 497 019b 04       		.byte	0x4
 498 019c 5A000000 		.4byte	0x5a
 499 01a0 09       		.uleb128 0x9
 500 01a1 8F000000 		.4byte	0x8f
 501 01a5 B0010000 		.4byte	0x1b0
 502 01a9 0A       		.uleb128 0xa
 503 01aa 81000000 		.4byte	0x81
 504 01ae 3B       		.byte	0x3b
 505 01af 00       		.byte	0
 506 01b0 04       		.uleb128 0x4
 507 01b1 49010000 		.4byte	.LASF31
 508 01b5 01       		.byte	0x1
 509 01b6 5F       		.byte	0x5f
 510 01b7 A2000000 		.4byte	0xa2
ARM GAS  /var/folders/pt/gxfsd_x53tx3h6kb8dkzftl80000gr/T//ccdDH6Wf.s 			page 10


 511 01bb 0B       		.uleb128 0xb
 512 01bc 01       		.byte	0x1
 513 01bd AB010000 		.4byte	.LASF37
 514 01c1 01       		.byte	0x1
 515 01c2 F1       		.byte	0xf1
 516 01c3 01       		.byte	0x1
 517 01c4 00000000 		.4byte	.LFB7
 518 01c8 02000000 		.4byte	.LFE7
 519 01cc 02       		.byte	0x2
 520 01cd 7D       		.byte	0x7d
 521 01ce 00       		.sleb128 0
 522 01cf 01       		.byte	0x1
 523 01d0 0C       		.uleb128 0xc
 524 01d1 20020000 		.4byte	.LASF32
 525 01d5 01       		.byte	0x1
 526 01d6 62       		.byte	0x62
 527 01d7 5A000000 		.4byte	0x5a
 528 01db 01       		.byte	0x1
 529 01dc 01       		.byte	0x1
 530 01dd 0D       		.uleb128 0xd
 531 01de 5C000000 		.4byte	.LASF33
 532 01e2 01       		.byte	0x1
 533 01e3 C5       		.byte	0xc5
 534 01e4 B0010000 		.4byte	0x1b0
 535 01e8 01       		.byte	0x1
 536 01e9 05       		.byte	0x5
 537 01ea 03       		.byte	0x3
 538 01eb 00000000 		.4byte	_vectors
 539 01ef 00       		.byte	0
 540              		.section	.debug_abbrev,"",%progbits
 541              	.Ldebug_abbrev0:
 542 0000 01       		.uleb128 0x1
 543 0001 11       		.uleb128 0x11
 544 0002 01       		.byte	0x1
 545 0003 25       		.uleb128 0x25
 546 0004 0E       		.uleb128 0xe
 547 0005 13       		.uleb128 0x13
 548 0006 0B       		.uleb128 0xb
 549 0007 03       		.uleb128 0x3
 550 0008 0E       		.uleb128 0xe
 551 0009 1B       		.uleb128 0x1b
 552 000a 0E       		.uleb128 0xe
 553 000b 55       		.uleb128 0x55
 554 000c 06       		.uleb128 0x6
 555 000d 11       		.uleb128 0x11
 556 000e 01       		.uleb128 0x1
 557 000f 52       		.uleb128 0x52
 558 0010 01       		.uleb128 0x1
 559 0011 10       		.uleb128 0x10
 560 0012 06       		.uleb128 0x6
 561 0013 00       		.byte	0
 562 0014 00       		.byte	0
 563 0015 02       		.uleb128 0x2
 564 0016 24       		.uleb128 0x24
 565 0017 00       		.byte	0
 566 0018 0B       		.uleb128 0xb
 567 0019 0B       		.uleb128 0xb
ARM GAS  /var/folders/pt/gxfsd_x53tx3h6kb8dkzftl80000gr/T//ccdDH6Wf.s 			page 11


 568 001a 3E       		.uleb128 0x3e
 569 001b 0B       		.uleb128 0xb
 570 001c 03       		.uleb128 0x3
 571 001d 08       		.uleb128 0x8
 572 001e 00       		.byte	0
 573 001f 00       		.byte	0
 574 0020 03       		.uleb128 0x3
 575 0021 24       		.uleb128 0x24
 576 0022 00       		.byte	0
 577 0023 0B       		.uleb128 0xb
 578 0024 0B       		.uleb128 0xb
 579 0025 3E       		.uleb128 0x3e
 580 0026 0B       		.uleb128 0xb
 581 0027 03       		.uleb128 0x3
 582 0028 0E       		.uleb128 0xe
 583 0029 00       		.byte	0
 584 002a 00       		.byte	0
 585 002b 04       		.uleb128 0x4
 586 002c 16       		.uleb128 0x16
 587 002d 00       		.byte	0
 588 002e 03       		.uleb128 0x3
 589 002f 0E       		.uleb128 0xe
 590 0030 3A       		.uleb128 0x3a
 591 0031 0B       		.uleb128 0xb
 592 0032 3B       		.uleb128 0x3b
 593 0033 0B       		.uleb128 0xb
 594 0034 49       		.uleb128 0x49
 595 0035 13       		.uleb128 0x13
 596 0036 00       		.byte	0
 597 0037 00       		.byte	0
 598 0038 05       		.uleb128 0x5
 599 0039 0F       		.uleb128 0xf
 600 003a 00       		.byte	0
 601 003b 0B       		.uleb128 0xb
 602 003c 0B       		.uleb128 0xb
 603 003d 49       		.uleb128 0x49
 604 003e 13       		.uleb128 0x13
 605 003f 00       		.byte	0
 606 0040 00       		.byte	0
 607 0041 06       		.uleb128 0x6
 608 0042 15       		.uleb128 0x15
 609 0043 00       		.byte	0
 610 0044 27       		.uleb128 0x27
 611 0045 0C       		.uleb128 0xc
 612 0046 00       		.byte	0
 613 0047 00       		.byte	0
 614 0048 07       		.uleb128 0x7
 615 0049 13       		.uleb128 0x13
 616 004a 01       		.byte	0x1
 617 004b 0B       		.uleb128 0xb
 618 004c 05       		.uleb128 0x5
 619 004d 3A       		.uleb128 0x3a
 620 004e 0B       		.uleb128 0xb
 621 004f 3B       		.uleb128 0x3b
 622 0050 0B       		.uleb128 0xb
 623 0051 01       		.uleb128 0x1
 624 0052 13       		.uleb128 0x13
ARM GAS  /var/folders/pt/gxfsd_x53tx3h6kb8dkzftl80000gr/T//ccdDH6Wf.s 			page 12


 625 0053 00       		.byte	0
 626 0054 00       		.byte	0
 627 0055 08       		.uleb128 0x8
 628 0056 0D       		.uleb128 0xd
 629 0057 00       		.byte	0
 630 0058 03       		.uleb128 0x3
 631 0059 0E       		.uleb128 0xe
 632 005a 3A       		.uleb128 0x3a
 633 005b 0B       		.uleb128 0xb
 634 005c 3B       		.uleb128 0x3b
 635 005d 0B       		.uleb128 0xb
 636 005e 49       		.uleb128 0x49
 637 005f 13       		.uleb128 0x13
 638 0060 38       		.uleb128 0x38
 639 0061 0A       		.uleb128 0xa
 640 0062 00       		.byte	0
 641 0063 00       		.byte	0
 642 0064 09       		.uleb128 0x9
 643 0065 01       		.uleb128 0x1
 644 0066 01       		.byte	0x1
 645 0067 49       		.uleb128 0x49
 646 0068 13       		.uleb128 0x13
 647 0069 01       		.uleb128 0x1
 648 006a 13       		.uleb128 0x13
 649 006b 00       		.byte	0
 650 006c 00       		.byte	0
 651 006d 0A       		.uleb128 0xa
 652 006e 21       		.uleb128 0x21
 653 006f 00       		.byte	0
 654 0070 49       		.uleb128 0x49
 655 0071 13       		.uleb128 0x13
 656 0072 2F       		.uleb128 0x2f
 657 0073 0B       		.uleb128 0xb
 658 0074 00       		.byte	0
 659 0075 00       		.byte	0
 660 0076 0B       		.uleb128 0xb
 661 0077 2E       		.uleb128 0x2e
 662 0078 00       		.byte	0
 663 0079 3F       		.uleb128 0x3f
 664 007a 0C       		.uleb128 0xc
 665 007b 03       		.uleb128 0x3
 666 007c 0E       		.uleb128 0xe
 667 007d 3A       		.uleb128 0x3a
 668 007e 0B       		.uleb128 0xb
 669 007f 3B       		.uleb128 0x3b
 670 0080 0B       		.uleb128 0xb
 671 0081 27       		.uleb128 0x27
 672 0082 0C       		.uleb128 0xc
 673 0083 11       		.uleb128 0x11
 674 0084 01       		.uleb128 0x1
 675 0085 12       		.uleb128 0x12
 676 0086 01       		.uleb128 0x1
 677 0087 40       		.uleb128 0x40
 678 0088 0A       		.uleb128 0xa
 679 0089 9742     		.uleb128 0x2117
 680 008b 0C       		.uleb128 0xc
 681 008c 00       		.byte	0
ARM GAS  /var/folders/pt/gxfsd_x53tx3h6kb8dkzftl80000gr/T//ccdDH6Wf.s 			page 13


 682 008d 00       		.byte	0
 683 008e 0C       		.uleb128 0xc
 684 008f 34       		.uleb128 0x34
 685 0090 00       		.byte	0
 686 0091 03       		.uleb128 0x3
 687 0092 0E       		.uleb128 0xe
 688 0093 3A       		.uleb128 0x3a
 689 0094 0B       		.uleb128 0xb
 690 0095 3B       		.uleb128 0x3b
 691 0096 0B       		.uleb128 0xb
 692 0097 49       		.uleb128 0x49
 693 0098 13       		.uleb128 0x13
 694 0099 3F       		.uleb128 0x3f
 695 009a 0C       		.uleb128 0xc
 696 009b 3C       		.uleb128 0x3c
 697 009c 0C       		.uleb128 0xc
 698 009d 00       		.byte	0
 699 009e 00       		.byte	0
 700 009f 0D       		.uleb128 0xd
 701 00a0 34       		.uleb128 0x34
 702 00a1 00       		.byte	0
 703 00a2 03       		.uleb128 0x3
 704 00a3 0E       		.uleb128 0xe
 705 00a4 3A       		.uleb128 0x3a
 706 00a5 0B       		.uleb128 0xb
 707 00a6 3B       		.uleb128 0x3b
 708 00a7 0B       		.uleb128 0xb
 709 00a8 49       		.uleb128 0x49
 710 00a9 13       		.uleb128 0x13
 711 00aa 3F       		.uleb128 0x3f
 712 00ab 0C       		.uleb128 0xc
 713 00ac 02       		.uleb128 0x2
 714 00ad 0A       		.uleb128 0xa
 715 00ae 00       		.byte	0
 716 00af 00       		.byte	0
 717 00b0 00       		.byte	0
 718              		.section	.debug_aranges,"",%progbits
 719 0000 1C000000 		.4byte	0x1c
 720 0004 0200     		.2byte	0x2
 721 0006 00000000 		.4byte	.Ldebug_info0
 722 000a 04       		.byte	0x4
 723 000b 00       		.byte	0
 724 000c 0000     		.2byte	0
 725 000e 0000     		.2byte	0
 726 0010 00000000 		.4byte	.LFB7
 727 0014 02000000 		.4byte	.LFE7-.LFB7
 728 0018 00000000 		.4byte	0
 729 001c 00000000 		.4byte	0
 730              		.section	.debug_ranges,"",%progbits
 731              	.Ldebug_ranges0:
 732 0000 00000000 		.4byte	.LFB7
 733 0004 02000000 		.4byte	.LFE7
 734 0008 00000000 		.4byte	0
 735 000c 00000000 		.4byte	0
 736              		.section	.debug_line,"",%progbits
 737              	.Ldebug_line0:
 738 0000 E5000000 		.section	.debug_str,"MS",%progbits,1
ARM GAS  /var/folders/pt/gxfsd_x53tx3h6kb8dkzftl80000gr/T//ccdDH6Wf.s 			page 14


 738      0200CF00 
 738      00000201 
 738      FB0E0D00 
 738      01010101 
 739              	.LASF23:
 740 0000 76656374 		.ascii	"vector24\000"
 740      6F723234 
 740      00
 741              	.LASF35:
 742 0009 636F6E76 		.ascii	"convex/ChibiOS_2.6.2/os/ports/GCC/ARMCMx/STM32F1xx/"
 742      65782F43 
 742      68696269 
 742      4F535F32 
 742      2E362E32 
 743 003c 76656374 		.ascii	"vectors.c\000"
 743      6F72732E 
 743      6300
 744              	.LASF13:
 745 0046 6972715F 		.ascii	"irq_vector_t\000"
 745      76656374 
 745      6F725F74 
 745      00
 746              	.LASF27:
 747 0053 76656374 		.ascii	"vector34\000"
 747      6F723334 
 747      00
 748              	.LASF33:
 749 005c 5F766563 		.ascii	"_vectors\000"
 749      746F7273 
 749      00
 750              	.LASF21:
 751 0065 76656374 		.ascii	"vector1c\000"
 751      6F723163 
 751      00
 752              	.LASF14:
 753 006e 696E6974 		.ascii	"init_stack\000"
 753      5F737461 
 753      636B00
 754              	.LASF25:
 755 0079 73766361 		.ascii	"svcall_vector\000"
 755      6C6C5F76 
 755      6563746F 
 755      7200
 756              	.LASF2:
 757 0087 756E7369 		.ascii	"unsigned char\000"
 757      676E6564 
 757      20636861 
 757      7200
 758              	.LASF6:
 759 0095 6C6F6E67 		.ascii	"long unsigned int\000"
 759      20756E73 
 759      69676E65 
 759      6420696E 
 759      7400
 760              	.LASF4:
 761 00a7 73686F72 		.ascii	"short unsigned int\000"
 761      7420756E 
ARM GAS  /var/folders/pt/gxfsd_x53tx3h6kb8dkzftl80000gr/T//ccdDH6Wf.s 			page 15


 761      7369676E 
 761      65642069 
 761      6E7400
 762              	.LASF36:
 763 00ba 2F557365 		.ascii	"/Users/programmer/git/Prototypes/Jaws\000"
 763      72732F70 
 763      726F6772 
 763      616D6D65 
 763      722F6769 
 764              	.LASF29:
 765 00e0 73797374 		.ascii	"systick_vector\000"
 765      69636B5F 
 765      76656374 
 765      6F7200
 766              	.LASF0:
 767 00ef 756E7369 		.ascii	"unsigned int\000"
 767      676E6564 
 767      20696E74 
 767      00
 768              	.LASF16:
 769 00fc 6E6D695F 		.ascii	"nmi_vector\000"
 769      76656374 
 769      6F7200
 770              	.LASF8:
 771 0107 6C6F6E67 		.ascii	"long long unsigned int\000"
 771      206C6F6E 
 771      6720756E 
 771      7369676E 
 771      65642069 
 772              	.LASF19:
 773 011e 62757366 		.ascii	"busfault_vector\000"
 773      61756C74 
 773      5F766563 
 773      746F7200 
 774              	.LASF24:
 775 012e 76656374 		.ascii	"vector28\000"
 775      6F723238 
 775      00
 776              	.LASF20:
 777 0137 75736167 		.ascii	"usagefault_vector\000"
 777      65666175 
 777      6C745F76 
 777      6563746F 
 777      7200
 778              	.LASF31:
 779 0149 76656374 		.ascii	"vectors_t\000"
 779      6F72735F 
 779      7400
 780              	.LASF10:
 781 0153 73697A65 		.ascii	"sizetype\000"
 781      74797065 
 781      00
 782              	.LASF28:
 783 015c 70656E64 		.ascii	"pendsv_vector\000"
 783      73765F76 
 783      6563746F 
 783      7200
ARM GAS  /var/folders/pt/gxfsd_x53tx3h6kb8dkzftl80000gr/T//ccdDH6Wf.s 			page 16


 784              	.LASF17:
 785 016a 68617264 		.ascii	"hardfault_vector\000"
 785      6661756C 
 785      745F7665 
 785      63746F72 
 785      00
 786              	.LASF7:
 787 017b 6C6F6E67 		.ascii	"long long int\000"
 787      206C6F6E 
 787      6720696E 
 787      7400
 788              	.LASF11:
 789 0189 63686172 		.ascii	"char\000"
 789      00
 790              	.LASF18:
 791 018e 6D656D6D 		.ascii	"memmanage_vector\000"
 791      616E6167 
 791      655F7665 
 791      63746F72 
 791      00
 792              	.LASF34:
 793 019f 474E5520 		.ascii	"GNU C 4.7.2\000"
 793      4320342E 
 793      372E3200 
 794              	.LASF37:
 795 01ab 5F756E68 		.ascii	"_unhandled_exception\000"
 795      616E646C 
 795      65645F65 
 795      78636570 
 795      74696F6E 
 796              	.LASF30:
 797 01c0 76656374 		.ascii	"vectors\000"
 797      6F727300 
 798              	.LASF3:
 799 01c8 73686F72 		.ascii	"short int\000"
 799      7420696E 
 799      7400
 800              	.LASF15:
 801 01d2 72657365 		.ascii	"reset_vector\000"
 801      745F7665 
 801      63746F72 
 801      00
 802              	.LASF12:
 803 01df 75696E74 		.ascii	"uint32_t\000"
 803      33325F74 
 803      00
 804              	.LASF5:
 805 01e8 6C6F6E67 		.ascii	"long int\000"
 805      20696E74 
 805      00
 806              	.LASF1:
 807 01f1 7369676E 		.ascii	"signed char\000"
 807      65642063 
 807      68617200 
 808              	.LASF26:
 809 01fd 64656275 		.ascii	"debugmonitor_vector\000"
 809      676D6F6E 
ARM GAS  /var/folders/pt/gxfsd_x53tx3h6kb8dkzftl80000gr/T//ccdDH6Wf.s 			page 17


 809      69746F72 
 809      5F766563 
 809      746F7200 
 810              	.LASF22:
 811 0211 76656374 		.ascii	"vector20\000"
 811      6F723230 
 811      00
 812              	.LASF9:
 813 021a 5F426F6F 		.ascii	"_Bool\000"
 813      6C00
 814              	.LASF32:
 815 0220 5F5F6D61 		.ascii	"__main_stack_end__\000"
 815      696E5F73 
 815      7461636B 
 815      5F656E64 
 815      5F5F00
 816              		.ident	"GCC: (GNU) 4.7.2"
ARM GAS  /var/folders/pt/gxfsd_x53tx3h6kb8dkzftl80000gr/T//ccdDH6Wf.s 			page 18


DEFINED SYMBOLS
                            *ABS*:0000000000000000 vectors.c
/var/folders/pt/gxfsd_x53tx3h6kb8dkzftl80000gr/T//ccdDH6Wf.s:19     .text._unhandled_exception:0000000000000000 $t
/var/folders/pt/gxfsd_x53tx3h6kb8dkzftl80000gr/T//ccdDH6Wf.s:25     .text._unhandled_exception:0000000000000000 _unhandled_exception
/var/folders/pt/gxfsd_x53tx3h6kb8dkzftl80000gr/T//ccdDH6Wf.s:25     .text._unhandled_exception:0000000000000000 HardFaultVector
/var/folders/pt/gxfsd_x53tx3h6kb8dkzftl80000gr/T//ccdDH6Wf.s:25     .text._unhandled_exception:0000000000000000 MemManageVector
/var/folders/pt/gxfsd_x53tx3h6kb8dkzftl80000gr/T//ccdDH6Wf.s:25     .text._unhandled_exception:0000000000000000 BusFaultVector
/var/folders/pt/gxfsd_x53tx3h6kb8dkzftl80000gr/T//ccdDH6Wf.s:25     .text._unhandled_exception:0000000000000000 UsageFaultVector
/var/folders/pt/gxfsd_x53tx3h6kb8dkzftl80000gr/T//ccdDH6Wf.s:25     .text._unhandled_exception:0000000000000000 Vector1C
/var/folders/pt/gxfsd_x53tx3h6kb8dkzftl80000gr/T//ccdDH6Wf.s:25     .text._unhandled_exception:0000000000000000 Vector20
/var/folders/pt/gxfsd_x53tx3h6kb8dkzftl80000gr/T//ccdDH6Wf.s:25     .text._unhandled_exception:0000000000000000 Vector24
/var/folders/pt/gxfsd_x53tx3h6kb8dkzftl80000gr/T//ccdDH6Wf.s:25     .text._unhandled_exception:0000000000000000 Vector28
/var/folders/pt/gxfsd_x53tx3h6kb8dkzftl80000gr/T//ccdDH6Wf.s:25     .text._unhandled_exception:0000000000000000 SVCallVector
/var/folders/pt/gxfsd_x53tx3h6kb8dkzftl80000gr/T//ccdDH6Wf.s:25     .text._unhandled_exception:0000000000000000 DebugMonitorVector
/var/folders/pt/gxfsd_x53tx3h6kb8dkzftl80000gr/T//ccdDH6Wf.s:25     .text._unhandled_exception:0000000000000000 Vector34
/var/folders/pt/gxfsd_x53tx3h6kb8dkzftl80000gr/T//ccdDH6Wf.s:25     .text._unhandled_exception:0000000000000000 PendSVVector
/var/folders/pt/gxfsd_x53tx3h6kb8dkzftl80000gr/T//ccdDH6Wf.s:25     .text._unhandled_exception:0000000000000000 SysTickVector
/var/folders/pt/gxfsd_x53tx3h6kb8dkzftl80000gr/T//ccdDH6Wf.s:25     .text._unhandled_exception:0000000000000000 Vector40
/var/folders/pt/gxfsd_x53tx3h6kb8dkzftl80000gr/T//ccdDH6Wf.s:25     .text._unhandled_exception:0000000000000000 Vector44
/var/folders/pt/gxfsd_x53tx3h6kb8dkzftl80000gr/T//ccdDH6Wf.s:25     .text._unhandled_exception:0000000000000000 Vector48
/var/folders/pt/gxfsd_x53tx3h6kb8dkzftl80000gr/T//ccdDH6Wf.s:25     .text._unhandled_exception:0000000000000000 Vector4C
/var/folders/pt/gxfsd_x53tx3h6kb8dkzftl80000gr/T//ccdDH6Wf.s:25     .text._unhandled_exception:0000000000000000 Vector50
/var/folders/pt/gxfsd_x53tx3h6kb8dkzftl80000gr/T//ccdDH6Wf.s:25     .text._unhandled_exception:0000000000000000 Vector54
/var/folders/pt/gxfsd_x53tx3h6kb8dkzftl80000gr/T//ccdDH6Wf.s:25     .text._unhandled_exception:0000000000000000 Vector58
/var/folders/pt/gxfsd_x53tx3h6kb8dkzftl80000gr/T//ccdDH6Wf.s:25     .text._unhandled_exception:0000000000000000 Vector5C
/var/folders/pt/gxfsd_x53tx3h6kb8dkzftl80000gr/T//ccdDH6Wf.s:25     .text._unhandled_exception:0000000000000000 Vector60
/var/folders/pt/gxfsd_x53tx3h6kb8dkzftl80000gr/T//ccdDH6Wf.s:25     .text._unhandled_exception:0000000000000000 Vector64
/var/folders/pt/gxfsd_x53tx3h6kb8dkzftl80000gr/T//ccdDH6Wf.s:25     .text._unhandled_exception:0000000000000000 Vector68
/var/folders/pt/gxfsd_x53tx3h6kb8dkzftl80000gr/T//ccdDH6Wf.s:25     .text._unhandled_exception:0000000000000000 Vector6C
/var/folders/pt/gxfsd_x53tx3h6kb8dkzftl80000gr/T//ccdDH6Wf.s:25     .text._unhandled_exception:0000000000000000 Vector70
/var/folders/pt/gxfsd_x53tx3h6kb8dkzftl80000gr/T//ccdDH6Wf.s:25     .text._unhandled_exception:0000000000000000 Vector74
/var/folders/pt/gxfsd_x53tx3h6kb8dkzftl80000gr/T//ccdDH6Wf.s:25     .text._unhandled_exception:0000000000000000 Vector78
/var/folders/pt/gxfsd_x53tx3h6kb8dkzftl80000gr/T//ccdDH6Wf.s:25     .text._unhandled_exception:0000000000000000 Vector7C
/var/folders/pt/gxfsd_x53tx3h6kb8dkzftl80000gr/T//ccdDH6Wf.s:25     .text._unhandled_exception:0000000000000000 Vector80
/var/folders/pt/gxfsd_x53tx3h6kb8dkzftl80000gr/T//ccdDH6Wf.s:25     .text._unhandled_exception:0000000000000000 Vector84
/var/folders/pt/gxfsd_x53tx3h6kb8dkzftl80000gr/T//ccdDH6Wf.s:25     .text._unhandled_exception:0000000000000000 Vector88
/var/folders/pt/gxfsd_x53tx3h6kb8dkzftl80000gr/T//ccdDH6Wf.s:25     .text._unhandled_exception:0000000000000000 Vector8C
/var/folders/pt/gxfsd_x53tx3h6kb8dkzftl80000gr/T//ccdDH6Wf.s:25     .text._unhandled_exception:0000000000000000 Vector90
/var/folders/pt/gxfsd_x53tx3h6kb8dkzftl80000gr/T//ccdDH6Wf.s:25     .text._unhandled_exception:0000000000000000 Vector94
/var/folders/pt/gxfsd_x53tx3h6kb8dkzftl80000gr/T//ccdDH6Wf.s:25     .text._unhandled_exception:0000000000000000 Vector98
/var/folders/pt/gxfsd_x53tx3h6kb8dkzftl80000gr/T//ccdDH6Wf.s:25     .text._unhandled_exception:0000000000000000 Vector9C
/var/folders/pt/gxfsd_x53tx3h6kb8dkzftl80000gr/T//ccdDH6Wf.s:25     .text._unhandled_exception:0000000000000000 VectorA0
/var/folders/pt/gxfsd_x53tx3h6kb8dkzftl80000gr/T//ccdDH6Wf.s:25     .text._unhandled_exception:0000000000000000 VectorA4
/var/folders/pt/gxfsd_x53tx3h6kb8dkzftl80000gr/T//ccdDH6Wf.s:25     .text._unhandled_exception:0000000000000000 VectorA8
/var/folders/pt/gxfsd_x53tx3h6kb8dkzftl80000gr/T//ccdDH6Wf.s:25     .text._unhandled_exception:0000000000000000 VectorAC
/var/folders/pt/gxfsd_x53tx3h6kb8dkzftl80000gr/T//ccdDH6Wf.s:25     .text._unhandled_exception:0000000000000000 VectorB0
/var/folders/pt/gxfsd_x53tx3h6kb8dkzftl80000gr/T//ccdDH6Wf.s:25     .text._unhandled_exception:0000000000000000 VectorB4
/var/folders/pt/gxfsd_x53tx3h6kb8dkzftl80000gr/T//ccdDH6Wf.s:25     .text._unhandled_exception:0000000000000000 VectorB8
/var/folders/pt/gxfsd_x53tx3h6kb8dkzftl80000gr/T//ccdDH6Wf.s:25     .text._unhandled_exception:0000000000000000 VectorBC
/var/folders/pt/gxfsd_x53tx3h6kb8dkzftl80000gr/T//ccdDH6Wf.s:25     .text._unhandled_exception:0000000000000000 VectorC0
/var/folders/pt/gxfsd_x53tx3h6kb8dkzftl80000gr/T//ccdDH6Wf.s:25     .text._unhandled_exception:0000000000000000 VectorC4
/var/folders/pt/gxfsd_x53tx3h6kb8dkzftl80000gr/T//ccdDH6Wf.s:25     .text._unhandled_exception:0000000000000000 VectorC8
/var/folders/pt/gxfsd_x53tx3h6kb8dkzftl80000gr/T//ccdDH6Wf.s:25     .text._unhandled_exception:0000000000000000 VectorCC
/var/folders/pt/gxfsd_x53tx3h6kb8dkzftl80000gr/T//ccdDH6Wf.s:25     .text._unhandled_exception:0000000000000000 VectorD0
/var/folders/pt/gxfsd_x53tx3h6kb8dkzftl80000gr/T//ccdDH6Wf.s:25     .text._unhandled_exception:0000000000000000 VectorD4
/var/folders/pt/gxfsd_x53tx3h6kb8dkzftl80000gr/T//ccdDH6Wf.s:25     .text._unhandled_exception:0000000000000000 VectorD8
/var/folders/pt/gxfsd_x53tx3h6kb8dkzftl80000gr/T//ccdDH6Wf.s:25     .text._unhandled_exception:0000000000000000 VectorDC
ARM GAS  /var/folders/pt/gxfsd_x53tx3h6kb8dkzftl80000gr/T//ccdDH6Wf.s 			page 19


/var/folders/pt/gxfsd_x53tx3h6kb8dkzftl80000gr/T//ccdDH6Wf.s:25     .text._unhandled_exception:0000000000000000 VectorE0
/var/folders/pt/gxfsd_x53tx3h6kb8dkzftl80000gr/T//ccdDH6Wf.s:25     .text._unhandled_exception:0000000000000000 VectorE4
/var/folders/pt/gxfsd_x53tx3h6kb8dkzftl80000gr/T//ccdDH6Wf.s:25     .text._unhandled_exception:0000000000000000 VectorE8
/var/folders/pt/gxfsd_x53tx3h6kb8dkzftl80000gr/T//ccdDH6Wf.s:25     .text._unhandled_exception:0000000000000000 VectorEC
/var/folders/pt/gxfsd_x53tx3h6kb8dkzftl80000gr/T//ccdDH6Wf.s:25     .text._unhandled_exception:0000000000000000 VectorF0
/var/folders/pt/gxfsd_x53tx3h6kb8dkzftl80000gr/T//ccdDH6Wf.s:25     .text._unhandled_exception:0000000000000000 VectorF4
/var/folders/pt/gxfsd_x53tx3h6kb8dkzftl80000gr/T//ccdDH6Wf.s:25     .text._unhandled_exception:0000000000000000 VectorF8
/var/folders/pt/gxfsd_x53tx3h6kb8dkzftl80000gr/T//ccdDH6Wf.s:25     .text._unhandled_exception:0000000000000000 VectorFC
/var/folders/pt/gxfsd_x53tx3h6kb8dkzftl80000gr/T//ccdDH6Wf.s:25     .text._unhandled_exception:0000000000000000 Vector100
/var/folders/pt/gxfsd_x53tx3h6kb8dkzftl80000gr/T//ccdDH6Wf.s:25     .text._unhandled_exception:0000000000000000 Vector104
/var/folders/pt/gxfsd_x53tx3h6kb8dkzftl80000gr/T//ccdDH6Wf.s:25     .text._unhandled_exception:0000000000000000 Vector108
/var/folders/pt/gxfsd_x53tx3h6kb8dkzftl80000gr/T//ccdDH6Wf.s:25     .text._unhandled_exception:0000000000000000 Vector10C
/var/folders/pt/gxfsd_x53tx3h6kb8dkzftl80000gr/T//ccdDH6Wf.s:25     .text._unhandled_exception:0000000000000000 Vector110
/var/folders/pt/gxfsd_x53tx3h6kb8dkzftl80000gr/T//ccdDH6Wf.s:25     .text._unhandled_exception:0000000000000000 Vector114
/var/folders/pt/gxfsd_x53tx3h6kb8dkzftl80000gr/T//ccdDH6Wf.s:25     .text._unhandled_exception:0000000000000000 Vector118
/var/folders/pt/gxfsd_x53tx3h6kb8dkzftl80000gr/T//ccdDH6Wf.s:25     .text._unhandled_exception:0000000000000000 Vector11C
/var/folders/pt/gxfsd_x53tx3h6kb8dkzftl80000gr/T//ccdDH6Wf.s:25     .text._unhandled_exception:0000000000000000 Vector120
/var/folders/pt/gxfsd_x53tx3h6kb8dkzftl80000gr/T//ccdDH6Wf.s:25     .text._unhandled_exception:0000000000000000 Vector124
/var/folders/pt/gxfsd_x53tx3h6kb8dkzftl80000gr/T//ccdDH6Wf.s:25     .text._unhandled_exception:0000000000000000 Vector128
/var/folders/pt/gxfsd_x53tx3h6kb8dkzftl80000gr/T//ccdDH6Wf.s:25     .text._unhandled_exception:0000000000000000 Vector12C
/var/folders/pt/gxfsd_x53tx3h6kb8dkzftl80000gr/T//ccdDH6Wf.s:25     .text._unhandled_exception:0000000000000000 NMIVector
/var/folders/pt/gxfsd_x53tx3h6kb8dkzftl80000gr/T//ccdDH6Wf.s:192    vectors:0000000000000000 _vectors
/var/folders/pt/gxfsd_x53tx3h6kb8dkzftl80000gr/T//ccdDH6Wf.s:189    vectors:0000000000000000 $d
                     .debug_frame:0000000000000010 $d

UNDEFINED SYMBOLS
__main_stack_end__
ResetHandler
